2014-02-01 07:56:55.626+0000 INFO  [o.n.k.i.DiagnosticsManager]: --- INITIALIZED diagnostics START ---
2014-02-01 07:56:55.630+0000 INFO  [o.n.k.i.DiagnosticsManager]: Neo4j Kernel properties:
2014-02-01 07:56:55.634+0000 INFO  [o.n.k.i.DiagnosticsManager]: neostore.propertystore.db.mapped_memory=646M
2014-02-01 07:56:55.634+0000 INFO  [o.n.k.i.DiagnosticsManager]: neo_store=/Users/colinmoore-hill/SpanarchianSolutions/InfoPulseHeroku/NeoDb/data/graph.db/neostore
2014-02-01 07:56:55.634+0000 INFO  [o.n.k.i.DiagnosticsManager]: neostore.nodestore.db.mapped_memory=179M
2014-02-01 07:56:55.634+0000 INFO  [o.n.k.i.DiagnosticsManager]: neostore.propertystore.db.strings.mapped_memory=549M
2014-02-01 07:56:55.634+0000 INFO  [o.n.k.i.DiagnosticsManager]: neo4j.ext.udc.source=server
2014-02-01 07:56:55.634+0000 INFO  [o.n.k.i.DiagnosticsManager]: store_dir=data/graph.db
2014-02-01 07:56:55.634+0000 INFO  [o.n.k.i.DiagnosticsManager]: neostore.relationshipstore.db.mapped_memory=792M
2014-02-01 07:56:55.634+0000 INFO  [o.n.k.i.DiagnosticsManager]: keep_logical_logs=true
2014-02-01 07:56:55.634+0000 INFO  [o.n.k.i.DiagnosticsManager]: neostore.propertystore.db.arrays.mapped_memory=622M
2014-02-01 07:56:55.634+0000 INFO  [o.n.k.i.DiagnosticsManager]: remote_shell_enabled=true
2014-02-01 07:56:55.634+0000 INFO  [o.n.k.i.DiagnosticsManager]: ephemeral=false
2014-02-01 07:56:55.635+0000 INFO  [o.n.k.i.DiagnosticsManager]: Diagnostics providers:
2014-02-01 07:56:55.636+0000 INFO  [o.n.k.i.DiagnosticsManager]: org.neo4j.kernel.configuration.Config
2014-02-01 07:56:55.636+0000 INFO  [o.n.k.i.DiagnosticsManager]: org.neo4j.kernel.info.DiagnosticsManager
2014-02-01 07:56:55.636+0000 INFO  [o.n.k.i.DiagnosticsManager]: SYSTEM_MEMORY
2014-02-01 07:56:55.636+0000 INFO  [o.n.k.i.DiagnosticsManager]: JAVA_MEMORY
2014-02-01 07:56:55.636+0000 INFO  [o.n.k.i.DiagnosticsManager]: OPERATING_SYSTEM
2014-02-01 07:56:55.636+0000 INFO  [o.n.k.i.DiagnosticsManager]: JAVA_VIRTUAL_MACHINE
2014-02-01 07:56:55.636+0000 INFO  [o.n.k.i.DiagnosticsManager]: CLASSPATH
2014-02-01 07:56:55.636+0000 INFO  [o.n.k.i.DiagnosticsManager]: LIBRARY_PATH
2014-02-01 07:56:55.636+0000 INFO  [o.n.k.i.DiagnosticsManager]: SYSTEM_PROPERTIES
2014-02-01 07:56:55.636+0000 INFO  [o.n.k.i.DiagnosticsManager]: NETWORK
2014-02-01 07:56:55.636+0000 INFO  [o.n.k.i.DiagnosticsManager]: System memory information:
2014-02-01 07:56:55.638+0000 INFO  [o.n.k.i.DiagnosticsManager]: Total Physical memory: 8.00 GB
2014-02-01 07:56:55.639+0000 INFO  [o.n.k.i.DiagnosticsManager]: Free Physical memory: 1.88 GB
2014-02-01 07:56:55.639+0000 INFO  [o.n.k.i.DiagnosticsManager]: Committed virtual memory: 4.65 GB
2014-02-01 07:56:55.639+0000 INFO  [o.n.k.i.DiagnosticsManager]: Total swap space: 2.00 GB
2014-02-01 07:56:55.640+0000 INFO  [o.n.k.i.DiagnosticsManager]: Free swap space: 1.40 GB
2014-02-01 07:56:55.640+0000 INFO  [o.n.k.i.DiagnosticsManager]: JVM memory information:
2014-02-01 07:56:55.640+0000 INFO  [o.n.k.i.DiagnosticsManager]: Free  memory: 101.11 MB
2014-02-01 07:56:55.641+0000 INFO  [o.n.k.i.DiagnosticsManager]: Total memory: 123.75 MB
2014-02-01 07:56:55.641+0000 INFO  [o.n.k.i.DiagnosticsManager]: Max   memory: 1.94 GB
2014-02-01 07:56:55.646+0000 INFO  [o.n.k.i.DiagnosticsManager]: Garbage Collector: ParNew: [Par Eden Space, Par Survivor Space]
2014-02-01 07:56:55.646+0000 INFO  [o.n.k.i.DiagnosticsManager]: Garbage Collector: ConcurrentMarkSweep: [Par Eden Space, Par Survivor Space, CMS Old Gen, CMS Perm Gen]
2014-02-01 07:56:55.647+0000 INFO  [o.n.k.i.DiagnosticsManager]: Memory Pool: Code Cache (Non-heap memory): committed=2.44 MB, used=695.00 kB, max=48.00 MB, threshold=0.00 B
2014-02-01 07:56:55.648+0000 INFO  [o.n.k.i.DiagnosticsManager]: Memory Pool: Par Eden Space (Heap memory): committed=34.13 MB, used=17.11 MB, max=532.56 MB, threshold=?
2014-02-01 07:56:55.648+0000 INFO  [o.n.k.i.DiagnosticsManager]: Memory Pool: Par Survivor Space (Heap memory): committed=4.25 MB, used=4.25 MB, max=66.50 MB, threshold=?
2014-02-01 07:56:55.649+0000 INFO  [o.n.k.i.DiagnosticsManager]: Memory Pool: CMS Old Gen (Heap memory): committed=85.38 MB, used=1.28 MB, max=1.35 GB, threshold=0.00 B
2014-02-01 07:56:55.649+0000 INFO  [o.n.k.i.DiagnosticsManager]: Memory Pool: CMS Perm Gen (Non-heap memory): committed=20.75 MB, used=12.68 MB, max=82.00 MB, threshold=0.00 B
2014-02-01 07:56:55.649+0000 INFO  [o.n.k.i.DiagnosticsManager]: Operating system information:
2014-02-01 07:56:55.650+0000 INFO  [o.n.k.i.DiagnosticsManager]: Operating System: Mac OS X; version: 10.9.1; arch: x86_64; cpus: 8
2014-02-01 07:56:55.651+0000 INFO  [o.n.k.i.DiagnosticsManager]: Max number of file descriptors: 10240
2014-02-01 07:56:55.651+0000 INFO  [o.n.k.i.DiagnosticsManager]: Number of open file descriptors: 86
2014-02-01 07:56:55.651+0000 INFO  [o.n.k.i.DiagnosticsManager]: Process id: 1959@Colins-MacBook-Pro.local
2014-02-01 07:56:55.651+0000 INFO  [o.n.k.i.DiagnosticsManager]: Byte order: LITTLE_ENDIAN
2014-02-01 07:56:55.651+0000 INFO  [o.n.k.i.DiagnosticsManager]: Local timezone: Europe/London
2014-02-01 07:56:55.652+0000 INFO  [o.n.k.i.DiagnosticsManager]: JVM information:
2014-02-01 07:56:55.652+0000 INFO  [o.n.k.i.DiagnosticsManager]: VM Name: Java HotSpot(TM) 64-Bit Server VM
2014-02-01 07:56:55.652+0000 INFO  [o.n.k.i.DiagnosticsManager]: VM Vendor: Oracle Corporation
2014-02-01 07:56:55.652+0000 INFO  [o.n.k.i.DiagnosticsManager]: VM Version: 24.45-b08
2014-02-01 07:56:55.652+0000 INFO  [o.n.k.i.DiagnosticsManager]: JIT compiler: HotSpot 64-Bit Tiered Compilers
2014-02-01 07:56:55.653+0000 INFO  [o.n.k.i.DiagnosticsManager]: VM Arguments: [-XX:+DisableExplicitGC, -Dorg.neo4j.server.properties=conf/neo4j-server.properties, -Djava.util.logging.config.file=conf/logging.properties, -Dlog4j.configuration=file:conf/log4j.properties, -XX:+UseConcMarkSweepGC, -XX:+CMSClassUnloadingEnabled, -Dneo4j.home=/Users/colinmoore-hill/SpanarchianSolutions/InfoPulseHeroku/NeoDb, -Dneo4j.instance=/Users/colinmoore-hill/SpanarchianSolutions/InfoPulseHeroku/NeoDb, -Dfile.encoding=UTF-8]
2014-02-01 07:56:55.653+0000 INFO  [o.n.k.i.DiagnosticsManager]: Java classpath:
2014-02-01 07:56:55.655+0000 INFO  [o.n.k.i.DiagnosticsManager]:  [classpath + loader.0] file:/Users/colinmoore-hill/SpanarchianSolutions/InfoPulseHeroku/NeoDb/conf/
2014-02-01 07:56:55.655+0000 INFO  [o.n.k.i.DiagnosticsManager]:  [loader.1] file:/System/Library/Java/Extensions/dns_sd.jar
2014-02-01 07:56:55.655+0000 INFO  [o.n.k.i.DiagnosticsManager]:  [classpath + loader.0] file:/Users/colinmoore-hill/SpanarchianSolutions/InfoPulseHeroku/NeoDb/lib/neo4j-udc-2.0.0.jar
2014-02-01 07:56:55.655+0000 INFO  [o.n.k.i.DiagnosticsManager]:  [classpath + loader.0] file:/Users/colinmoore-hill/SpanarchianSolutions/InfoPulseHeroku/NeoDb/system/lib/commons-configuration-1.6.jar
2014-02-01 07:56:55.655+0000 INFO  [o.n.k.i.DiagnosticsManager]:  [loader.1] file:/System/Library/Java/Extensions/MRJToolkit.jar
2014-02-01 07:56:55.655+0000 INFO  [o.n.k.i.DiagnosticsManager]:  [loader.1] file:/System/Library/Java/Extensions/vecmath.jar
2014-02-01 07:56:55.656+0000 INFO  [o.n.k.i.DiagnosticsManager]:  [loader.1] file:/System/Library/Java/Extensions/libmlib_jai.jnilib
2014-02-01 07:56:55.656+0000 INFO  [o.n.k.i.DiagnosticsManager]:  [classpath + loader.0] file:/Users/colinmoore-hill/SpanarchianSolutions/InfoPulseHeroku/NeoDb/lib/neo4j-kernel-2.0.0.jar
2014-02-01 07:56:55.656+0000 INFO  [o.n.k.i.DiagnosticsManager]:  [classpath + loader.0] file:/Users/colinmoore-hill/SpanarchianSolutions/InfoPulseHeroku/NeoDb/system/lib/janino-2.6.1.jar
2014-02-01 07:56:55.656+0000 INFO  [o.n.k.i.DiagnosticsManager]:  [classpath + loader.0] file:/Users/colinmoore-hill/SpanarchianSolutions/InfoPulseHeroku/NeoDb/system/lib/slf4j-api-1.6.2.jar
2014-02-01 07:56:55.656+0000 INFO  [o.n.k.i.DiagnosticsManager]:  [classpath + loader.0] file:/Users/colinmoore-hill/SpanarchianSolutions/InfoPulseHeroku/NeoDb/system/lib/jetty-http-9.0.5.v20130815.jar
2014-02-01 07:56:55.656+0000 INFO  [o.n.k.i.DiagnosticsManager]:  [loader.1] file:/Library/Java/JavaVirtualMachines/jdk1.7.0_45.jdk/Contents/Home/jre/lib/ext/localedata.jar
2014-02-01 07:56:55.656+0000 INFO  [o.n.k.i.DiagnosticsManager]:  [classpath + loader.0] file:/Users/colinmoore-hill/SpanarchianSolutions/InfoPulseHeroku/NeoDb/lib/org.apache.servicemix.bundles.jline-0.9.94_1.jar
2014-02-01 07:56:55.656+0000 INFO  [o.n.k.i.DiagnosticsManager]:  [loader.1] file:/Library/Java/JavaVirtualMachines/jdk1.7.0_45.jdk/Contents/Home/jre/lib/ext/sunpkcs11.jar
2014-02-01 07:56:55.656+0000 INFO  [o.n.k.i.DiagnosticsManager]:  [classpath + loader.0] file:/Users/colinmoore-hill/SpanarchianSolutions/InfoPulseHeroku/NeoDb/system/lib/jcl-over-slf4j-1.6.1.jar
2014-02-01 07:56:55.656+0000 INFO  [o.n.k.i.DiagnosticsManager]:  [classpath + loader.0] file:/Users/colinmoore-hill/SpanarchianSolutions/InfoPulseHeroku/NeoDb/lib/concurrentlinkedhashmap-lru-1.3.1.jar
2014-02-01 07:56:55.656+0000 INFO  [o.n.k.i.DiagnosticsManager]:  [classpath + loader.0] file:/Users/colinmoore-hill/SpanarchianSolutions/InfoPulseHeroku/NeoDb/lib/parboiled-scala_2.10-1.1.6.jar
2014-02-01 07:56:55.656+0000 INFO  [o.n.k.i.DiagnosticsManager]:  [classpath + loader.0] file:/Users/colinmoore-hill/SpanarchianSolutions/InfoPulseHeroku/NeoDb/system/lib/jetty-security-9.0.5.v20130815.jar
2014-02-01 07:56:55.656+0000 INFO  [o.n.k.i.DiagnosticsManager]:  [classpath + loader.0] file:/Users/colinmoore-hill/SpanarchianSolutions/InfoPulseHeroku/NeoDb/system/lib/jackson-core-asl-1.9.7.jar
2014-02-01 07:56:55.656+0000 INFO  [o.n.k.i.DiagnosticsManager]:  [classpath + loader.0] file:/Users/colinmoore-hill/SpanarchianSolutions/InfoPulseHeroku/NeoDb/system/lib/commons-lang-2.4.jar
2014-02-01 07:56:55.656+0000 INFO  [o.n.k.i.DiagnosticsManager]:  [classpath + loader.0] file:/Users/colinmoore-hill/SpanarchianSolutions/InfoPulseHeroku/NeoDb/lib/neo4j-shell-2.0.0.jar
2014-02-01 07:56:55.656+0000 INFO  [o.n.k.i.DiagnosticsManager]:  [bootstrap] /Library/Java/JavaVirtualMachines/jdk1.7.0_45.jdk/Contents/Home/jre/classes
2014-02-01 07:56:55.656+0000 INFO  [o.n.k.i.DiagnosticsManager]:  [classpath + loader.0] file:/Users/colinmoore-hill/SpanarchianSolutions/InfoPulseHeroku/NeoDb/system/lib/neo4j-browser-2.0.0.jar
2014-02-01 07:56:55.656+0000 INFO  [o.n.k.i.DiagnosticsManager]:  [classpath + loader.0] file:/Users/colinmoore-hill/SpanarchianSolutions/InfoPulseHeroku/NeoDb/system/lib/commons-beanutils-1.8.0.jar
2014-02-01 07:56:55.656+0000 INFO  [o.n.k.i.DiagnosticsManager]:  [loader.1] file:/System/Library/Java/Extensions/libJ3D.jnilib
2014-02-01 07:56:55.656+0000 INFO  [o.n.k.i.DiagnosticsManager]:  [classpath + loader.0] file:/Users/colinmoore-hill/SpanarchianSolutions/InfoPulseHeroku/NeoDb/system/lib/logback-access-1.0.9.jar
2014-02-01 07:56:55.656+0000 INFO  [o.n.k.i.DiagnosticsManager]:  [classpath + loader.0] file:/Users/colinmoore-hill/SpanarchianSolutions/InfoPulseHeroku/NeoDb/system/lib/commons-logging-1.1.1.jar
2014-02-01 07:56:55.656+0000 INFO  [o.n.k.i.DiagnosticsManager]:  [loader.1] file:/System/Library/Java/Extensions/mlibwrapper_jai.jar
2014-02-01 07:56:55.656+0000 INFO  [o.n.k.i.DiagnosticsManager]:  [classpath + loader.0] file:/Users/colinmoore-hill/SpanarchianSolutions/InfoPulseHeroku/NeoDb/system/lib/jetty-util-9.0.5.v20130815.jar
2014-02-01 07:56:55.656+0000 INFO  [o.n.k.i.DiagnosticsManager]:  [classpath + loader.0] file:/Users/colinmoore-hill/SpanarchianSolutions/InfoPulseHeroku/NeoDb/system/lib/commons-digester-1.8.1.jar
2014-02-01 07:56:55.656+0000 INFO  [o.n.k.i.DiagnosticsManager]:  [classpath + loader.0] file:/Users/colinmoore-hill/SpanarchianSolutions/InfoPulseHeroku/NeoDb/system/lib/javax.servlet-3.0.0.v201112011016.jar
2014-02-01 07:56:55.657+0000 INFO  [o.n.k.i.DiagnosticsManager]:  [classpath + loader.0] file:/Users/colinmoore-hill/SpanarchianSolutions/InfoPulseHeroku/NeoDb/system/lib/jersey-server-1.9.jar
2014-02-01 07:56:55.657+0000 INFO  [o.n.k.i.DiagnosticsManager]:  [classpath + loader.0] file:/Users/colinmoore-hill/SpanarchianSolutions/InfoPulseHeroku/NeoDb/lib/neo4j-cypher-compiler-2.0-2.0.0.jar
2014-02-01 07:56:55.657+0000 INFO  [o.n.k.i.DiagnosticsManager]:  [bootstrap] /Library/Java/JavaVirtualMachines/jdk1.7.0_45.jdk/Contents/Home/jre/lib/jfr.jar
2014-02-01 07:56:55.657+0000 INFO  [o.n.k.i.DiagnosticsManager]:  [loader.1] file:/System/Library/Java/Extensions/QTJava.zip
2014-02-01 07:56:55.657+0000 INFO  [o.n.k.i.DiagnosticsManager]:  [classpath + loader.0] file:/Users/colinmoore-hill/SpanarchianSolutions/InfoPulseHeroku/NeoDb/system/lib/commons-io-1.4.jar
2014-02-01 07:56:55.657+0000 INFO  [o.n.k.i.DiagnosticsManager]:  [classpath + loader.0] file:/Users/colinmoore-hill/SpanarchianSolutions/InfoPulseHeroku/NeoDb/system/lib/jetty-servlet-9.0.5.v20130815.jar
2014-02-01 07:56:55.657+0000 INFO  [o.n.k.i.DiagnosticsManager]:  [loader.1] file:/System/Library/Java/Extensions/libJ3DAudio.jnilib
2014-02-01 07:56:55.657+0000 INFO  [o.n.k.i.DiagnosticsManager]:  [loader.1] file:/System/Library/Java/Extensions/libAppleScriptEngine.jnilib
2014-02-01 07:56:55.657+0000 INFO  [o.n.k.i.DiagnosticsManager]:  [classpath + loader.0] file:/Users/colinmoore-hill/SpanarchianSolutions/InfoPulseHeroku/NeoDb/lib/neo4j-cypher-commons-2.0.0.jar
2014-02-01 07:56:55.657+0000 INFO  [o.n.k.i.DiagnosticsManager]:  [classpath + loader.0] file:/Users/colinmoore-hill/SpanarchianSolutions/InfoPulseHeroku/NeoDb/system/lib/neo4j-server-2.0.0-static-web.jar
2014-02-01 07:56:55.657+0000 INFO  [o.n.k.i.DiagnosticsManager]:  [classpath + loader.0] file:/Users/colinmoore-hill/SpanarchianSolutions/InfoPulseHeroku/NeoDb/system/lib/asm-3.1.jar
2014-02-01 07:56:55.657+0000 INFO  [o.n.k.i.DiagnosticsManager]:  [bootstrap] /Library/Java/JavaVirtualMachines/jdk1.7.0_45.jdk/Contents/Home/jre/lib/jce.jar
2014-02-01 07:56:55.657+0000 INFO  [o.n.k.i.DiagnosticsManager]:  [bootstrap] /Library/Java/JavaVirtualMachines/jdk1.7.0_45.jdk/Contents/Home/jre/lib/JObjC.jar
2014-02-01 07:56:55.657+0000 INFO  [o.n.k.i.DiagnosticsManager]:  [loader.1] file:/System/Library/Java/Extensions/j3daudio.jar
2014-02-01 07:56:55.657+0000 INFO  [o.n.k.i.DiagnosticsManager]:  [classpath + loader.0] file:/Users/colinmoore-hill/SpanarchianSolutions/InfoPulseHeroku/NeoDb/lib/geronimo-jta_1.1_spec-1.1.1.jar
2014-02-01 07:56:55.657+0000 INFO  [o.n.k.i.DiagnosticsManager]:  [loader.1] file:/System/Library/Java/Extensions/libJ3DUtils.jnilib
2014-02-01 07:56:55.657+0000 INFO  [o.n.k.i.DiagnosticsManager]:  [classpath + loader.0] file:/Users/colinmoore-hill/SpanarchianSolutions/InfoPulseHeroku/NeoDb/lib/parboiled-core-1.1.6.jar
2014-02-01 07:56:55.657+0000 INFO  [o.n.k.i.DiagnosticsManager]:  [loader.1] file:/System/Library/Java/Extensions/libQTJNative.jnilib
2014-02-01 07:56:55.657+0000 INFO  [o.n.k.i.DiagnosticsManager]:  [classpath + loader.0] file:/Users/colinmoore-hill/SpanarchianSolutions/InfoPulseHeroku/NeoDb/system/lib/commons-beanutils-core-1.8.0.jar
2014-02-01 07:56:55.657+0000 INFO  [o.n.k.i.DiagnosticsManager]:  [loader.1] file:/System/Library/Java/Extensions/j3dcore.jar
2014-02-01 07:56:55.657+0000 INFO  [o.n.k.i.DiagnosticsManager]:  [classpath + loader.0] file:/Users/colinmoore-hill/SpanarchianSolutions/InfoPulseHeroku/NeoDb/system/lib/rhino-1.7R3.jar
2014-02-01 07:56:55.657+0000 INFO  [o.n.k.i.DiagnosticsManager]:  [classpath + loader.0] file:/Users/colinmoore-hill/SpanarchianSolutions/InfoPulseHeroku/NeoDb/system/lib/logback-core-1.0.9.jar
2014-02-01 07:56:55.657+0000 INFO  [o.n.k.i.DiagnosticsManager]:  [classpath + loader.0] file:/Users/colinmoore-hill/SpanarchianSolutions/InfoPulseHeroku/NeoDb/lib/lucene-core-3.6.2.jar
2014-02-01 07:56:55.657+0000 INFO  [o.n.k.i.DiagnosticsManager]:  [loader.1] file:/usr/lib/java/libjdns_sd.jnilib
2014-02-01 07:56:55.657+0000 INFO  [o.n.k.i.DiagnosticsManager]:  [classpath + loader.0] file:/Users/colinmoore-hill/SpanarchianSolutions/InfoPulseHeroku/NeoDb/system/lib/jackson-mapper-asl-1.9.7.jar
2014-02-01 07:56:55.658+0000 INFO  [o.n.k.i.DiagnosticsManager]:  [classpath + loader.0] file:/Users/colinmoore-hill/SpanarchianSolutions/InfoPulseHeroku/NeoDb/lib/server-api-2.0.0.jar
2014-02-01 07:56:55.658+0000 INFO  [o.n.k.i.DiagnosticsManager]:  [classpath + loader.0] file:/Users/colinmoore-hill/SpanarchianSolutions/InfoPulseHeroku/NeoDb/lib/neo4j-lucene-index-2.0.0.jar
2014-02-01 07:56:55.658+0000 INFO  [o.n.k.i.DiagnosticsManager]:  [loader.1] file:/Library/Java/JavaVirtualMachines/jdk1.7.0_45.jdk/Contents/Home/jre/lib/ext/zipfs.jar
2014-02-01 07:56:55.658+0000 INFO  [o.n.k.i.DiagnosticsManager]:  [loader.1] file:/System/Library/Java/Extensions/j3dutils.jar
2014-02-01 07:56:55.658+0000 INFO  [o.n.k.i.DiagnosticsManager]:  [loader.1] file:/System/Library/Java/Extensions/jai_core.jar
2014-02-01 07:56:55.658+0000 INFO  [o.n.k.i.DiagnosticsManager]:  [classpath + loader.0] file:/Users/colinmoore-hill/SpanarchianSolutions/InfoPulseHeroku/NeoDb/lib/scala-library-2.10.3.jar
2014-02-01 07:56:55.658+0000 INFO  [o.n.k.i.DiagnosticsManager]:  [bootstrap] /Library/Java/JavaVirtualMachines/jdk1.7.0_45.jdk/Contents/Home/jre/lib/resources.jar
2014-02-01 07:56:55.658+0000 INFO  [o.n.k.i.DiagnosticsManager]:  [classpath + loader.0] file:/Users/colinmoore-hill/SpanarchianSolutions/InfoPulseHeroku/NeoDb/system/lib/rrd4j-2.0.7.jar
2014-02-01 07:56:55.658+0000 INFO  [o.n.k.i.DiagnosticsManager]:  [classpath + loader.0] file:/Users/colinmoore-hill/SpanarchianSolutions/InfoPulseHeroku/NeoDb/system/lib/neo4j-server-2.0.0.jar
2014-02-01 07:56:55.658+0000 INFO  [o.n.k.i.DiagnosticsManager]:  [classpath + loader.0] file:/Users/colinmoore-hill/SpanarchianSolutions/InfoPulseHeroku/NeoDb/lib/neo4j-cypher-compiler-1.9-2.0.0.jar
2014-02-01 07:56:55.658+0000 INFO  [o.n.k.i.DiagnosticsManager]:  [loader.1] file:/Library/Java/JavaVirtualMachines/jdk1.7.0_45.jdk/Contents/Home/jre/lib/ext/dnsns.jar
2014-02-01 07:56:55.658+0000 INFO  [o.n.k.i.DiagnosticsManager]:  [loader.1] file:/System/Library/Java/Extensions/jai_codec.jar
2014-02-01 07:56:55.658+0000 INFO  [o.n.k.i.DiagnosticsManager]:  [bootstrap] /Library/Java/JavaVirtualMachines/jdk1.7.0_45.jdk/Contents/Home/jre/lib/jsse.jar
2014-02-01 07:56:55.658+0000 INFO  [o.n.k.i.DiagnosticsManager]:  [classpath + loader.0] file:/Users/colinmoore-hill/SpanarchianSolutions/InfoPulseHeroku/NeoDb/lib/neo4j-graph-matching-2.0.0.jar
2014-02-01 07:56:55.658+0000 INFO  [o.n.k.i.DiagnosticsManager]:  [classpath + loader.0] file:/Users/colinmoore-hill/SpanarchianSolutions/InfoPulseHeroku/NeoDb/system/lib/jetty-io-9.0.5.v20130815.jar
2014-02-01 07:56:55.658+0000 INFO  [o.n.k.i.DiagnosticsManager]:  [bootstrap] /Library/Java/JavaVirtualMachines/jdk1.7.0_45.jdk/Contents/Home/jre/lib/rt.jar
2014-02-01 07:56:55.658+0000 INFO  [o.n.k.i.DiagnosticsManager]:  [bootstrap] /Library/Java/JavaVirtualMachines/jdk1.7.0_45.jdk/Contents/Home/jre/lib/charsets.jar
2014-02-01 07:56:55.658+0000 INFO  [o.n.k.i.DiagnosticsManager]:  [classpath + loader.0] file:/Users/colinmoore-hill/SpanarchianSolutions/InfoPulseHeroku/NeoDb/system/lib/commons-collections-3.2.1.jar
2014-02-01 07:56:55.658+0000 INFO  [o.n.k.i.DiagnosticsManager]:  [classpath + loader.0] file:/Users/colinmoore-hill/SpanarchianSolutions/InfoPulseHeroku/NeoDb/lib/neo4j-cypher-2.0.0.jar
2014-02-01 07:56:55.658+0000 INFO  [o.n.k.i.DiagnosticsManager]:  [bootstrap] /Library/Java/JavaVirtualMachines/jdk1.7.0_45.jdk/Contents/Home/jre/lib/sunrsasign.jar
2014-02-01 07:56:55.658+0000 INFO  [o.n.k.i.DiagnosticsManager]:  [classpath + loader.0] file:/Users/colinmoore-hill/SpanarchianSolutions/InfoPulseHeroku/NeoDb/system/lib/mimepull-1.6.jar
2014-02-01 07:56:55.658+0000 INFO  [o.n.k.i.DiagnosticsManager]:  [loader.1] file:/Library/Java/JavaVirtualMachines/jdk1.7.0_45.jdk/Contents/Home/jre/lib/ext/sunec.jar
2014-02-01 07:56:55.658+0000 INFO  [o.n.k.i.DiagnosticsManager]:  [classpath + loader.0] file:/Users/colinmoore-hill/SpanarchianSolutions/InfoPulseHeroku/NeoDb/system/lib/jackson-jaxrs-1.9.7.jar
2014-02-01 07:56:55.658+0000 INFO  [o.n.k.i.DiagnosticsManager]:  [classpath + loader.0] file:/Users/colinmoore-hill/SpanarchianSolutions/InfoPulseHeroku/NeoDb/system/lib/jetty-server-9.0.5.v20130815.jar
2014-02-01 07:56:55.658+0000 INFO  [o.n.k.i.DiagnosticsManager]:  [classpath + loader.0] file:/Users/colinmoore-hill/SpanarchianSolutions/InfoPulseHeroku/NeoDb/system/lib/jersey-multipart-1.9.jar
2014-02-01 07:56:55.659+0000 INFO  [o.n.k.i.DiagnosticsManager]:  [loader.1] file:/Library/Java/JavaVirtualMachines/jdk1.7.0_45.jdk/Contents/Home/jre/lib/ext/sunjce_provider.jar
2014-02-01 07:56:55.659+0000 INFO  [o.n.k.i.DiagnosticsManager]:  [classpath + loader.0] file:/Users/colinmoore-hill/SpanarchianSolutions/InfoPulseHeroku/NeoDb/system/lib/commons-compiler-2.6.1.jar
2014-02-01 07:56:55.659+0000 INFO  [o.n.k.i.DiagnosticsManager]:  [classpath + loader.0] file:/Users/colinmoore-hill/SpanarchianSolutions/InfoPulseHeroku/NeoDb/lib/neo4j-jmx-2.0.0.jar
2014-02-01 07:56:55.659+0000 INFO  [o.n.k.i.DiagnosticsManager]:  [classpath + loader.0] file:/Users/colinmoore-hill/SpanarchianSolutions/InfoPulseHeroku/NeoDb/lib/neo4j-graph-algo-2.0.0.jar
2014-02-01 07:56:55.659+0000 INFO  [o.n.k.i.DiagnosticsManager]:  [loader.1] file:/System/Library/Java/Extensions/AppleScriptEngine.jar
2014-02-01 07:56:55.659+0000 INFO  [o.n.k.i.DiagnosticsManager]:  [classpath + loader.0] file:/Users/colinmoore-hill/SpanarchianSolutions/InfoPulseHeroku/NeoDb/system/lib/jetty-xml-9.0.5.v20130815.jar
2014-02-01 07:56:55.659+0000 INFO  [o.n.k.i.DiagnosticsManager]:  [classpath + loader.0] file:/Users/colinmoore-hill/SpanarchianSolutions/InfoPulseHeroku/NeoDb/system/lib/jersey-core-1.9.jar
2014-02-01 07:56:55.659+0000 INFO  [o.n.k.i.DiagnosticsManager]:  [classpath + loader.0] file:/Users/colinmoore-hill/SpanarchianSolutions/InfoPulseHeroku/NeoDb/system/lib/logback-classic-1.0.9.jar
2014-02-01 07:56:55.659+0000 INFO  [o.n.k.i.DiagnosticsManager]:  [classpath + loader.0] file:/Users/colinmoore-hill/SpanarchianSolutions/InfoPulseHeroku/NeoDb/system/lib/jsr311-api-1.1.2.r612.jar
2014-02-01 07:56:55.659+0000 INFO  [o.n.k.i.DiagnosticsManager]:  [classpath + loader.0] file:/Users/colinmoore-hill/SpanarchianSolutions/InfoPulseHeroku/NeoDb/system/lib/bcprov-jdk16-140.jar
2014-02-01 07:56:55.659+0000 INFO  [o.n.k.i.DiagnosticsManager]:  [classpath + loader.0] file:/Users/colinmoore-hill/SpanarchianSolutions/InfoPulseHeroku/NeoDb/system/lib/jetty-webapp-9.0.5.v20130815.jar
2014-02-01 07:56:55.659+0000 INFO  [o.n.k.i.DiagnosticsManager]: Library path:
2014-02-01 07:56:55.659+0000 INFO  [o.n.k.i.DiagnosticsManager]: /Users/colinmoore-hill/Library/Java/Extensions
2014-02-01 07:56:55.659+0000 INFO  [o.n.k.i.DiagnosticsManager]: /Library/Java/Extensions
2014-02-01 07:56:55.659+0000 INFO  [o.n.k.i.DiagnosticsManager]: /Network/Library/Java/Extensions
2014-02-01 07:56:55.659+0000 INFO  [o.n.k.i.DiagnosticsManager]: /System/Library/Java/Extensions
2014-02-01 07:56:55.659+0000 INFO  [o.n.k.i.DiagnosticsManager]: /usr/lib/java
2014-02-01 07:56:55.660+0000 INFO  [o.n.k.i.DiagnosticsManager]: /Users/colinmoore-hill/SpanarchianSolutions/InfoPulseHeroku/NeoDb
2014-02-01 07:56:55.660+0000 INFO  [o.n.k.i.DiagnosticsManager]: System.properties:
2014-02-01 07:56:55.660+0000 INFO  [o.n.k.i.DiagnosticsManager]: sun.boot.library.path = /Library/Java/JavaVirtualMachines/jdk1.7.0_45.jdk/Contents/Home/jre/lib
2014-02-01 07:56:55.660+0000 INFO  [o.n.k.i.DiagnosticsManager]: user.country.format = GB
2014-02-01 07:56:55.660+0000 INFO  [o.n.k.i.DiagnosticsManager]: org.neo4j.server.properties = conf/neo4j-server.properties
2014-02-01 07:56:55.660+0000 INFO  [o.n.k.i.DiagnosticsManager]: gopherProxySet = false
2014-02-01 07:56:55.660+0000 INFO  [o.n.k.i.DiagnosticsManager]: path.separator = :
2014-02-01 07:56:55.660+0000 INFO  [o.n.k.i.DiagnosticsManager]: file.encoding.pkg = sun.io
2014-02-01 07:56:55.660+0000 INFO  [o.n.k.i.DiagnosticsManager]: user.country = US
2014-02-01 07:56:55.660+0000 INFO  [o.n.k.i.DiagnosticsManager]: sun.java.launcher = SUN_STANDARD
2014-02-01 07:56:55.660+0000 INFO  [o.n.k.i.DiagnosticsManager]: sun.os.patch.level = unknown
2014-02-01 07:56:55.660+0000 INFO  [o.n.k.i.DiagnosticsManager]: user.dir = /Users/colinmoore-hill/SpanarchianSolutions/InfoPulseHeroku/NeoDb
2014-02-01 07:56:55.661+0000 INFO  [o.n.k.i.DiagnosticsManager]: log4j.configuration = file:conf/log4j.properties
2014-02-01 07:56:55.661+0000 INFO  [o.n.k.i.DiagnosticsManager]: sun.jnu.encoding = UTF-8
2014-02-01 07:56:55.661+0000 INFO  [o.n.k.i.DiagnosticsManager]: sun.management.compiler = HotSpot 64-Bit Tiered Compilers
2014-02-01 07:56:55.661+0000 INFO  [o.n.k.i.DiagnosticsManager]: http.nonProxyHosts = local|*.local|169.254/16|*.169.254/16
2014-02-01 07:56:55.661+0000 INFO  [o.n.k.i.DiagnosticsManager]: user.home = /Users/colinmoore-hill
2014-02-01 07:56:55.661+0000 INFO  [o.n.k.i.DiagnosticsManager]: user.timezone = Europe/London
2014-02-01 07:56:55.661+0000 INFO  [o.n.k.i.DiagnosticsManager]: file.encoding = UTF-8
2014-02-01 07:56:55.661+0000 INFO  [o.n.k.i.DiagnosticsManager]: user.name = colinmoore-hill
2014-02-01 07:56:55.661+0000 INFO  [o.n.k.i.DiagnosticsManager]: sun.java.command = org.neo4j.server.Bootstrapper
2014-02-01 07:56:55.661+0000 INFO  [o.n.k.i.DiagnosticsManager]: sun.arch.data.model = 64
2014-02-01 07:56:55.661+0000 INFO  [o.n.k.i.DiagnosticsManager]: user.language = en
2014-02-01 07:56:55.661+0000 INFO  [o.n.k.i.DiagnosticsManager]: awt.toolkit = sun.lwawt.macosx.LWCToolkit
2014-02-01 07:56:55.661+0000 INFO  [o.n.k.i.DiagnosticsManager]: file.separator = /
2014-02-01 07:56:55.661+0000 INFO  [o.n.k.i.DiagnosticsManager]: sun.io.unicode.encoding = UnicodeBig
2014-02-01 07:56:55.661+0000 INFO  [o.n.k.i.DiagnosticsManager]: sun.cpu.endian = little
2014-02-01 07:56:55.661+0000 INFO  [o.n.k.i.DiagnosticsManager]: socksNonProxyHosts = local|*.local|169.254/16|*.169.254/16
2014-02-01 07:56:55.661+0000 INFO  [o.n.k.i.DiagnosticsManager]: neo4j.instance = /Users/colinmoore-hill/SpanarchianSolutions/InfoPulseHeroku/NeoDb
2014-02-01 07:56:55.661+0000 INFO  [o.n.k.i.DiagnosticsManager]: ftp.nonProxyHosts = local|*.local|169.254/16|*.169.254/16
2014-02-01 07:56:55.661+0000 INFO  [o.n.k.i.DiagnosticsManager]: neo4j.home = /Users/colinmoore-hill/SpanarchianSolutions/InfoPulseHeroku/NeoDb
2014-02-01 07:56:55.661+0000 INFO  [o.n.k.i.DiagnosticsManager]: sun.cpu.isalist = 
2014-02-01 07:56:55.661+0000 INFO  [o.n.k.i.DiagnosticsManager]: Network information:
2014-02-01 07:56:55.664+0000 INFO  [o.n.k.i.DiagnosticsManager]: Interface en0:
2014-02-01 07:56:55.664+0000 INFO  [o.n.k.i.DiagnosticsManager]:     address: fe80:0:0:0:2acf:e9ff:fe15:a253%4
2014-02-01 07:56:55.664+0000 INFO  [o.n.k.i.DiagnosticsManager]:     address: 192.168.0.14
2014-02-01 07:56:55.665+0000 INFO  [o.n.k.i.DiagnosticsManager]: Interface lo0:
2014-02-01 07:56:55.665+0000 INFO  [o.n.k.i.DiagnosticsManager]:     address: fe80:0:0:0:0:0:0:1%1
2014-02-01 07:56:55.665+0000 INFO  [o.n.k.i.DiagnosticsManager]:     address: 0:0:0:0:0:0:0:1
2014-02-01 07:56:55.665+0000 INFO  [o.n.k.i.DiagnosticsManager]:     address: 127.0.0.1
2014-02-01 07:56:55.665+0000 INFO  [o.n.k.i.DiagnosticsManager]: --- INITIALIZED diagnostics END ---
2014-02-01 07:56:55.822+0000 INFO  [o.n.k.i.n.s.StoreFactory]: Creating new db @ /Users/colinmoore-hill/SpanarchianSolutions/InfoPulseHeroku/NeoDb/data/graph.db/neostore
2014-02-01 07:56:55.851+0000 INFO  [o.n.k.i.n.s.StoreFactory]: [/Users/colinmoore-hill/SpanarchianSolutions/InfoPulseHeroku/NeoDb/data/graph.db/neostore.relationshiptypestore.db.names] brickCount=0 brickSize=0b mappedMem=0b (storeSize=38b)
2014-02-01 07:56:55.853+0000 INFO  [o.n.k.i.n.s.StoreFactory]: [/Users/colinmoore-hill/SpanarchianSolutions/InfoPulseHeroku/NeoDb/data/graph.db/neostore.relationshiptypestore.db] brickCount=0 brickSize=0b mappedMem=0b (storeSize=0b)
2014-02-01 07:56:55.853+0000 INFO  [o.n.k.i.n.s.StoreFactory]: /Users/colinmoore-hill/SpanarchianSolutions/InfoPulseHeroku/NeoDb/data/graph.db/neostore.relationshiptypestore.db.names hit=0 miss=0 switches=0 ooe=0
2014-02-01 07:56:55.854+0000 INFO  [o.n.k.i.n.s.StoreFactory]: /Users/colinmoore-hill/SpanarchianSolutions/InfoPulseHeroku/NeoDb/data/graph.db/neostore.relationshiptypestore.db hit=0 miss=0 switches=0 ooe=0
2014-02-01 07:56:55.857+0000 INFO  [o.n.k.i.n.s.StoreFactory]: [/Users/colinmoore-hill/SpanarchianSolutions/InfoPulseHeroku/NeoDb/data/graph.db/neostore.labeltokenstore.db.names] brickCount=0 brickSize=0b mappedMem=0b (storeSize=38b)
2014-02-01 07:56:55.857+0000 INFO  [o.n.k.i.n.s.StoreFactory]: [/Users/colinmoore-hill/SpanarchianSolutions/InfoPulseHeroku/NeoDb/data/graph.db/neostore.labeltokenstore.db] brickCount=0 brickSize=0b mappedMem=0b (storeSize=0b)
2014-02-01 07:56:55.858+0000 INFO  [o.n.k.i.n.s.StoreFactory]: /Users/colinmoore-hill/SpanarchianSolutions/InfoPulseHeroku/NeoDb/data/graph.db/neostore.labeltokenstore.db.names hit=0 miss=0 switches=0 ooe=0
2014-02-01 07:56:55.858+0000 INFO  [o.n.k.i.n.s.StoreFactory]: /Users/colinmoore-hill/SpanarchianSolutions/InfoPulseHeroku/NeoDb/data/graph.db/neostore.labeltokenstore.db hit=0 miss=0 switches=0 ooe=0
2014-02-01 07:56:55.861+0000 INFO  [o.n.k.i.n.s.StoreFactory]: [/Users/colinmoore-hill/SpanarchianSolutions/InfoPulseHeroku/NeoDb/data/graph.db/neostore.relationshiptypestore.db.names] brickCount=0 brickSize=0b mappedMem=0b (storeSize=38b)
2014-02-01 07:56:55.861+0000 INFO  [o.n.k.i.n.s.StoreFactory]: [/Users/colinmoore-hill/SpanarchianSolutions/InfoPulseHeroku/NeoDb/data/graph.db/neostore.relationshiptypestore.db] brickCount=0 brickSize=0b mappedMem=0b (storeSize=0b)
2014-02-01 07:56:55.861+0000 INFO  [o.n.k.i.n.s.StoreFactory]: [/Users/colinmoore-hill/SpanarchianSolutions/InfoPulseHeroku/NeoDb/data/graph.db/neostore.labeltokenstore.db.names] brickCount=0 brickSize=0b mappedMem=0b (storeSize=38b)
2014-02-01 07:56:55.861+0000 INFO  [o.n.k.i.n.s.StoreFactory]: [/Users/colinmoore-hill/SpanarchianSolutions/InfoPulseHeroku/NeoDb/data/graph.db/neostore.labeltokenstore.db] brickCount=0 brickSize=0b mappedMem=0b (storeSize=0b)
2014-02-01 07:56:55.862+0000 INFO  [o.n.k.i.n.s.StoreFactory]: [/Users/colinmoore-hill/SpanarchianSolutions/InfoPulseHeroku/NeoDb/data/graph.db/neostore.propertystore.db.strings] brickCount=0 brickSize=575616b mappedMem=575668224b (storeSize=128b)
2014-02-01 07:56:55.862+0000 INFO  [o.n.k.i.n.s.StoreFactory]: [/Users/colinmoore-hill/SpanarchianSolutions/InfoPulseHeroku/NeoDb/data/graph.db/neostore.propertystore.db.index.keys] brickCount=0 brickSize=0b mappedMem=0b (storeSize=38b)
2014-02-01 07:56:55.863+0000 INFO  [o.n.k.i.n.s.StoreFactory]: [/Users/colinmoore-hill/SpanarchianSolutions/InfoPulseHeroku/NeoDb/data/graph.db/neostore.propertystore.db.index] brickCount=0 brickSize=0b mappedMem=0b (storeSize=0b)
2014-02-01 07:56:55.863+0000 INFO  [o.n.k.i.n.s.StoreFactory]: [/Users/colinmoore-hill/SpanarchianSolutions/InfoPulseHeroku/NeoDb/data/graph.db/neostore.propertystore.db.arrays] brickCount=0 brickSize=652160b mappedMem=652214272b (storeSize=128b)
2014-02-01 07:56:55.867+0000 INFO  [o.n.k.i.n.s.StoreFactory]: [/Users/colinmoore-hill/SpanarchianSolutions/InfoPulseHeroku/NeoDb/data/graph.db/neostore.propertystore.db] brickCount=0 brickSize=6773774b mappedMem=677380096b (storeSize=0b)
2014-02-01 07:56:55.869+0000 INFO  [o.n.k.i.n.s.StoreFactory]: [/Users/colinmoore-hill/SpanarchianSolutions/InfoPulseHeroku/NeoDb/data/graph.db/neostore.relationshipstore.db] brickCount=0 brickSize=8304714b mappedMem=830472192b (storeSize=0b)
2014-02-01 07:56:55.869+0000 INFO  [o.n.k.i.n.s.StoreFactory]: [/Users/colinmoore-hill/SpanarchianSolutions/InfoPulseHeroku/NeoDb/data/graph.db/neostore.nodestore.db.labels] brickCount=0 brickSize=0b mappedMem=0b (storeSize=68b)
2014-02-01 07:56:55.871+0000 INFO  [o.n.k.i.n.s.StoreFactory]: [/Users/colinmoore-hill/SpanarchianSolutions/InfoPulseHeroku/NeoDb/data/graph.db/neostore.nodestore.db] brickCount=0 brickSize=1876938b mappedMem=187695104b (storeSize=0b)
2014-02-01 07:56:55.871+0000 INFO  [o.n.k.i.n.s.StoreFactory]: [/Users/colinmoore-hill/SpanarchianSolutions/InfoPulseHeroku/NeoDb/data/graph.db/neostore.schemastore.db] brickCount=0 brickSize=0b mappedMem=0b (storeSize=64b)
2014-02-01 07:56:55.872+0000 INFO  [o.n.k.i.n.s.StoreFactory]: [/Users/colinmoore-hill/SpanarchianSolutions/InfoPulseHeroku/NeoDb/data/graph.db/neostore] brickCount=0 brickSize=0b mappedMem=0b (storeSize=0b)
2014-02-01 07:56:55.876+0000 INFO  [o.n.k.i.n.s.StoreFactory]: /Users/colinmoore-hill/SpanarchianSolutions/InfoPulseHeroku/NeoDb/data/graph.db/neostore.relationshiptypestore.db.names hit=0 miss=0 switches=0 ooe=0
2014-02-01 07:56:55.877+0000 INFO  [o.n.k.i.n.s.StoreFactory]: /Users/colinmoore-hill/SpanarchianSolutions/InfoPulseHeroku/NeoDb/data/graph.db/neostore.relationshiptypestore.db hit=0 miss=0 switches=0 ooe=0
2014-02-01 07:56:55.878+0000 INFO  [o.n.k.i.n.s.StoreFactory]: /Users/colinmoore-hill/SpanarchianSolutions/InfoPulseHeroku/NeoDb/data/graph.db/neostore.labeltokenstore.db.names hit=0 miss=0 switches=0 ooe=0
2014-02-01 07:56:55.878+0000 INFO  [o.n.k.i.n.s.StoreFactory]: /Users/colinmoore-hill/SpanarchianSolutions/InfoPulseHeroku/NeoDb/data/graph.db/neostore.labeltokenstore.db hit=0 miss=0 switches=0 ooe=0
2014-02-01 07:56:55.879+0000 INFO  [o.n.k.i.n.s.StoreFactory]: /Users/colinmoore-hill/SpanarchianSolutions/InfoPulseHeroku/NeoDb/data/graph.db/neostore.propertystore.db.strings hit=0 miss=0 switches=0 ooe=0
2014-02-01 07:56:55.880+0000 INFO  [o.n.k.i.n.s.StoreFactory]: /Users/colinmoore-hill/SpanarchianSolutions/InfoPulseHeroku/NeoDb/data/graph.db/neostore.propertystore.db.index.keys hit=0 miss=0 switches=0 ooe=0
2014-02-01 07:56:55.880+0000 INFO  [o.n.k.i.n.s.StoreFactory]: /Users/colinmoore-hill/SpanarchianSolutions/InfoPulseHeroku/NeoDb/data/graph.db/neostore.propertystore.db.index hit=0 miss=0 switches=0 ooe=0
2014-02-01 07:56:55.881+0000 INFO  [o.n.k.i.n.s.StoreFactory]: /Users/colinmoore-hill/SpanarchianSolutions/InfoPulseHeroku/NeoDb/data/graph.db/neostore.propertystore.db.arrays hit=0 miss=0 switches=0 ooe=0
2014-02-01 07:56:55.881+0000 INFO  [o.n.k.i.n.s.StoreFactory]: /Users/colinmoore-hill/SpanarchianSolutions/InfoPulseHeroku/NeoDb/data/graph.db/neostore.propertystore.db hit=0 miss=0 switches=0 ooe=0
2014-02-01 07:56:55.882+0000 INFO  [o.n.k.i.n.s.StoreFactory]: /Users/colinmoore-hill/SpanarchianSolutions/InfoPulseHeroku/NeoDb/data/graph.db/neostore.relationshipstore.db hit=0 miss=0 switches=0 ooe=0
2014-02-01 07:56:55.883+0000 INFO  [o.n.k.i.n.s.StoreFactory]: /Users/colinmoore-hill/SpanarchianSolutions/InfoPulseHeroku/NeoDb/data/graph.db/neostore.nodestore.db.labels hit=0 miss=0 switches=0 ooe=0
2014-02-01 07:56:55.884+0000 INFO  [o.n.k.i.n.s.StoreFactory]: /Users/colinmoore-hill/SpanarchianSolutions/InfoPulseHeroku/NeoDb/data/graph.db/neostore.nodestore.db hit=0 miss=0 switches=0 ooe=0
2014-02-01 07:56:55.884+0000 INFO  [o.n.k.i.n.s.StoreFactory]: /Users/colinmoore-hill/SpanarchianSolutions/InfoPulseHeroku/NeoDb/data/graph.db/neostore.schemastore.db hit=0 miss=0 switches=0 ooe=0
2014-02-01 07:56:55.885+0000 INFO  [o.n.k.i.n.s.StoreFactory]: /Users/colinmoore-hill/SpanarchianSolutions/InfoPulseHeroku/NeoDb/data/graph.db/neostore hit=0 miss=8 switches=0 ooe=0
2014-02-01 07:56:55.889+0000 INFO  [o.n.k.i.n.s.StoreFactory]: [/Users/colinmoore-hill/SpanarchianSolutions/InfoPulseHeroku/NeoDb/data/graph.db/neostore.relationshiptypestore.db.names] brickCount=0 brickSize=0b mappedMem=0b (storeSize=38b)
2014-02-01 07:56:55.890+0000 INFO  [o.n.k.i.n.s.StoreFactory]: [/Users/colinmoore-hill/SpanarchianSolutions/InfoPulseHeroku/NeoDb/data/graph.db/neostore.relationshiptypestore.db] brickCount=0 brickSize=0b mappedMem=0b (storeSize=0b)
2014-02-01 07:56:55.890+0000 INFO  [o.n.k.i.n.s.StoreFactory]: [/Users/colinmoore-hill/SpanarchianSolutions/InfoPulseHeroku/NeoDb/data/graph.db/neostore.labeltokenstore.db.names] brickCount=0 brickSize=0b mappedMem=0b (storeSize=38b)
2014-02-01 07:56:55.891+0000 INFO  [o.n.k.i.n.s.StoreFactory]: [/Users/colinmoore-hill/SpanarchianSolutions/InfoPulseHeroku/NeoDb/data/graph.db/neostore.labeltokenstore.db] brickCount=0 brickSize=0b mappedMem=0b (storeSize=0b)
2014-02-01 07:56:55.891+0000 INFO  [o.n.k.i.n.s.StoreFactory]: [/Users/colinmoore-hill/SpanarchianSolutions/InfoPulseHeroku/NeoDb/data/graph.db/neostore.propertystore.db.strings] brickCount=0 brickSize=575616b mappedMem=575668224b (storeSize=128b)
2014-02-01 07:56:55.892+0000 INFO  [o.n.k.i.n.s.StoreFactory]: [/Users/colinmoore-hill/SpanarchianSolutions/InfoPulseHeroku/NeoDb/data/graph.db/neostore.propertystore.db.index.keys] brickCount=0 brickSize=0b mappedMem=0b (storeSize=38b)
2014-02-01 07:56:55.892+0000 INFO  [o.n.k.i.n.s.StoreFactory]: [/Users/colinmoore-hill/SpanarchianSolutions/InfoPulseHeroku/NeoDb/data/graph.db/neostore.propertystore.db.index] brickCount=0 brickSize=0b mappedMem=0b (storeSize=0b)
2014-02-01 07:56:55.893+0000 INFO  [o.n.k.i.n.s.StoreFactory]: [/Users/colinmoore-hill/SpanarchianSolutions/InfoPulseHeroku/NeoDb/data/graph.db/neostore.propertystore.db.arrays] brickCount=0 brickSize=652160b mappedMem=652214272b (storeSize=128b)
2014-02-01 07:56:55.893+0000 INFO  [o.n.k.i.n.s.StoreFactory]: [/Users/colinmoore-hill/SpanarchianSolutions/InfoPulseHeroku/NeoDb/data/graph.db/neostore.propertystore.db] brickCount=0 brickSize=6773774b mappedMem=677380096b (storeSize=0b)
2014-02-01 07:56:55.894+0000 INFO  [o.n.k.i.n.s.StoreFactory]: [/Users/colinmoore-hill/SpanarchianSolutions/InfoPulseHeroku/NeoDb/data/graph.db/neostore.relationshipstore.db] brickCount=0 brickSize=8304714b mappedMem=830472192b (storeSize=0b)
2014-02-01 07:56:55.894+0000 INFO  [o.n.k.i.n.s.StoreFactory]: [/Users/colinmoore-hill/SpanarchianSolutions/InfoPulseHeroku/NeoDb/data/graph.db/neostore.nodestore.db.labels] brickCount=0 brickSize=0b mappedMem=0b (storeSize=68b)
2014-02-01 07:56:55.895+0000 INFO  [o.n.k.i.n.s.StoreFactory]: [/Users/colinmoore-hill/SpanarchianSolutions/InfoPulseHeroku/NeoDb/data/graph.db/neostore.nodestore.db] brickCount=0 brickSize=1876938b mappedMem=187695104b (storeSize=0b)
2014-02-01 07:56:55.895+0000 INFO  [o.n.k.i.n.s.StoreFactory]: [/Users/colinmoore-hill/SpanarchianSolutions/InfoPulseHeroku/NeoDb/data/graph.db/neostore.schemastore.db] brickCount=0 brickSize=0b mappedMem=0b (storeSize=64b)
2014-02-01 07:56:55.896+0000 INFO  [o.n.k.i.n.s.StoreFactory]: [/Users/colinmoore-hill/SpanarchianSolutions/InfoPulseHeroku/NeoDb/data/graph.db/neostore] brickCount=0 brickSize=0b mappedMem=0b (storeSize=63b)
2014-02-01 07:56:55.950+0000 INFO  [o.n.k.a.i.i.LuceneLabelScanStore]: No lucene scan store index found, this might just be first use. Preparing to rebuild.
2014-02-01 07:56:55.976+0000 INFO  [o.n.k.a.i.i.LuceneLabelScanStore]: No lucene scan store index found, this might just be first use. Preparing to rebuild.
2014-02-01 07:56:56.088+0000 INFO  [o.n.k.i.t.x.XaLogicalLog]: Opened logical log [data/graph.db/nioneo_logical.log.1] version=0, lastTxId=1 (clean)
2014-02-01 07:56:56.092+0000 INFO  [o.n.k.a.i.i.LuceneLabelScanStore]: Rebuilding lucene scan store, this may take a while
2014-02-01 07:56:56.092+0000 INFO  [o.n.k.a.i.i.LuceneLabelScanStore]: Lucene scan store rebuilt (roughly -1 nodes)
2014-02-01 07:56:56.094+0000 INFO  [o.n.k.i.t.TxManager]: TM new log: tm_tx_log.1
2014-02-01 07:56:56.223+0000 INFO  [o.n.k.i.t.x.XaLogicalLog]: Opened logical log [data/graph.db/index/lucene.log.1] version=0, lastTxId=1 (clean)
2014-02-01 07:56:56.227+0000 INFO  [o.n.k.i.DiagnosticsManager]: --- STARTED diagnostics for KernelDiagnostics:Versions START ---
2014-02-01 07:56:56.227+0000 INFO  [o.n.k.i.DiagnosticsManager]: Graph Database: org.neo4j.kernel.EmbeddedGraphDatabase StoreId[time:1391241415824, id:6646528124761229093, store version: 13843131341501958]
2014-02-01 07:56:56.227+0000 INFO  [o.n.k.i.DiagnosticsManager]: Kernel version: Neo4j - Graph Database Kernel (neo4j-kernel), version: 2.0.0
2014-02-01 07:56:56.227+0000 INFO  [o.n.k.i.DiagnosticsManager]: Neo4j component versions:
2014-02-01 07:56:56.233+0000 INFO  [o.n.k.i.DiagnosticsManager]:   Neo4j - Lucene Index (neo4j-lucene-index), version: 2.0.0; revision: 2.0.0:master:601/5cfc38672446b92062b3bc209d584591968f1a0f
2014-02-01 07:56:56.233+0000 INFO  [o.n.k.i.DiagnosticsManager]:   Neo4j - JMX support (neo4j-jmx), version: 2.0.0; revision: 2.0.0:master:601/5cfc38672446b92062b3bc209d584591968f1a0f
2014-02-01 07:56:56.233+0000 INFO  [o.n.k.i.DiagnosticsManager]:   Neo4j - Graph Matching (neo4j-graph-matching), version: 2.0.0; revision: 2.0.0:master:601/5cfc38672446b92062b3bc209d584591968f1a0f
2014-02-01 07:56:56.234+0000 INFO  [o.n.k.i.DiagnosticsManager]:   Neo4j Server API (server-api), version: 2.0.0; revision: 2.0.0:master:601/5cfc38672446b92062b3bc209d584591968f1a0f
2014-02-01 07:56:56.234+0000 INFO  [o.n.k.i.DiagnosticsManager]:   Neo4j - Graph Database Kernel (neo4j-kernel), version: 2.0.0; revision: 2.0.0:master:601/5cfc38672446b92062b3bc209d584591968f1a0f
2014-02-01 07:56:56.234+0000 INFO  [o.n.k.i.DiagnosticsManager]:   Neo4j - Cypher (neo4j-cypher), version: 2.0.0; revision: 2.0.0:master:601/5cfc38672446b92062b3bc209d584591968f1a0f
2014-02-01 07:56:56.234+0000 INFO  [o.n.k.i.DiagnosticsManager]:   Neo4j Server (neo4j-server), version: 2.0.0; revision: 2.0.0:master:601/5cfc38672446b92062b3bc209d584591968f1a0f
2014-02-01 07:56:56.234+0000 INFO  [o.n.k.i.DiagnosticsManager]:   Neo4j - Graph Algorithms (neo4j-graph-algo), version: 2.0.0; revision: 2.0.0:master:601/5cfc38672446b92062b3bc209d584591968f1a0f
2014-02-01 07:56:56.234+0000 INFO  [o.n.k.i.DiagnosticsManager]:   Neo4j - Cypher Compiler 2.0 (neo4j-cypher-compiler-2.0), version: 2.0.0; revision: 2.0.0:master:601/5cfc38672446b92062b3bc209d584591968f1a0f
2014-02-01 07:56:56.234+0000 INFO  [o.n.k.i.DiagnosticsManager]:   Neo4j - Generic shell (neo4j-shell), version: 2.0.0; revision: 2.0.0:master:601/5cfc38672446b92062b3bc209d584591968f1a0f
2014-02-01 07:56:56.234+0000 INFO  [o.n.k.i.DiagnosticsManager]:   Neo4j - Cypher Compiler 1.9 (neo4j-cypher-compiler-1.9), version: 2.0.0; revision: 2.0.0:master:601/5cfc38672446b92062b3bc209d584591968f1a0f
2014-02-01 07:56:56.234+0000 INFO  [o.n.k.i.DiagnosticsManager]:   neo4j-udc, version: 2.0.0; revision: 2.0.0:master:601/5cfc38672446b92062b3bc209d584591968f1a0f
2014-02-01 07:56:56.234+0000 INFO  [o.n.k.i.DiagnosticsManager]:   Neo4j - Cypher Commons (neo4j-cypher-commons), version: 2.0.0; revision: 2.0.0:master:601/5cfc38672446b92062b3bc209d584591968f1a0f
2014-02-01 07:56:56.234+0000 INFO  [o.n.k.i.DiagnosticsManager]: --- STARTED diagnostics for KernelDiagnostics:Versions END ---
2014-02-01 07:56:56.236+0000 INFO  [o.n.k.i.DiagnosticsManager]: --- STARTED diagnostics for NEO_STORE_VERSIONS START ---
2014-02-01 07:56:56.236+0000 INFO  [o.n.k.i.DiagnosticsManager]: Store versions:
2014-02-01 07:56:56.236+0000 INFO  [o.n.k.i.DiagnosticsManager]: Store versions:
2014-02-01 07:56:56.236+0000 INFO  [o.n.k.i.DiagnosticsManager]:   NeoStore v0.A.1
2014-02-01 07:56:56.237+0000 INFO  [o.n.k.i.DiagnosticsManager]:   SchemaStore v0.A.1
2014-02-01 07:56:56.237+0000 INFO  [o.n.k.i.DiagnosticsManager]:   NodeStore v0.A.1
2014-02-01 07:56:56.237+0000 INFO  [o.n.k.i.DiagnosticsManager]:   RelationshipStore v0.A.1
2014-02-01 07:56:56.237+0000 INFO  [o.n.k.i.DiagnosticsManager]:   RelationshipTypeStore v0.A.1
2014-02-01 07:56:56.237+0000 INFO  [o.n.k.i.DiagnosticsManager]:   LabelTokenStore v0.A.1
2014-02-01 07:56:56.237+0000 INFO  [o.n.k.i.DiagnosticsManager]:   PropertyStore v0.A.1
2014-02-01 07:56:56.237+0000 INFO  [o.n.k.i.DiagnosticsManager]:   PropertyIndexStore v0.A.1
2014-02-01 07:56:56.237+0000 INFO  [o.n.k.i.DiagnosticsManager]:   StringPropertyStore v0.A.1
2014-02-01 07:56:56.237+0000 INFO  [o.n.k.i.DiagnosticsManager]:   ArrayPropertyStore v0.A.1
2014-02-01 07:56:56.237+0000 INFO  [o.n.k.i.DiagnosticsManager]: --- STARTED diagnostics for NEO_STORE_VERSIONS END ---
2014-02-01 07:56:56.237+0000 INFO  [o.n.k.i.DiagnosticsManager]: --- STARTED diagnostics for NEO_STORE_ID_USAGE START ---
2014-02-01 07:56:56.237+0000 INFO  [o.n.k.i.DiagnosticsManager]: Id usage:
2014-02-01 07:56:56.237+0000 INFO  [o.n.k.i.DiagnosticsManager]: Id usage:
2014-02-01 07:56:56.237+0000 INFO  [o.n.k.i.DiagnosticsManager]:   SchemaStore: used=1 high=0
2014-02-01 07:56:56.237+0000 INFO  [o.n.k.i.DiagnosticsManager]:   NodeStore: used=0 high=-1
2014-02-01 07:56:56.237+0000 INFO  [o.n.k.i.DiagnosticsManager]:   RelationshipStore: used=0 high=-1
2014-02-01 07:56:56.238+0000 INFO  [o.n.k.i.DiagnosticsManager]:   RelationshipTypeStore: used=0 high=-1
2014-02-01 07:56:56.238+0000 INFO  [o.n.k.i.DiagnosticsManager]:   LabelTokenStore: used=0 high=-1
2014-02-01 07:56:56.238+0000 INFO  [o.n.k.i.DiagnosticsManager]:   PropertyStore: used=0 high=-1
2014-02-01 07:56:56.238+0000 INFO  [o.n.k.i.DiagnosticsManager]:   PropertyIndexStore: used=0 high=-1
2014-02-01 07:56:56.238+0000 INFO  [o.n.k.i.DiagnosticsManager]:   StringPropertyStore: used=1 high=0
2014-02-01 07:56:56.238+0000 INFO  [o.n.k.i.DiagnosticsManager]:   ArrayPropertyStore: used=1 high=0
2014-02-01 07:56:56.238+0000 INFO  [o.n.k.i.DiagnosticsManager]: --- STARTED diagnostics for NEO_STORE_ID_USAGE END ---
2014-02-01 07:56:56.238+0000 INFO  [o.n.k.i.DiagnosticsManager]: --- STARTED diagnostics for PERSISTENCE_WINDOW_POOL_STATS START ---
2014-02-01 07:56:56.238+0000 INFO  [o.n.k.i.DiagnosticsManager]: --- STARTED diagnostics for PERSISTENCE_WINDOW_POOL_STATS END ---
2014-02-01 07:56:56.239+0000 INFO  [o.n.k.i.DiagnosticsManager]: --- STARTED diagnostics for KernelDiagnostics:StoreFiles START ---
2014-02-01 07:56:56.239+0000 INFO  [o.n.k.i.DiagnosticsManager]: Disk space on partition (Total / Free / Free %): 250140434432 / 112501608448 / 44
Storage files: (filename : modification date - size)
2014-02-01 07:56:56.240+0000 INFO  [o.n.k.i.DiagnosticsManager]:   active_tx_log: 2014-02-01T07:56:56+0000 - 11.00 B
2014-02-01 07:56:56.240+0000 INFO  [o.n.k.i.DiagnosticsManager]:   index:
2014-02-01 07:56:56.240+0000 INFO  [o.n.k.i.DiagnosticsManager]:     lucene-store.db: 2014-02-01T07:56:56+0000 - 40.00 B
2014-02-01 07:56:56.240+0000 INFO  [o.n.k.i.DiagnosticsManager]:     lucene.log.1: 2014-02-01T07:56:56+0000 - 16.00 B
2014-02-01 07:56:56.240+0000 INFO  [o.n.k.i.DiagnosticsManager]:     lucene.log.active: 2014-02-01T07:56:56+0000 - 4.00 B
2014-02-01 07:56:56.241+0000 INFO  [o.n.k.i.DiagnosticsManager]:   - Total: 2014-02-01T07:56:56+0000 - 60.00 B
2014-02-01 07:56:56.241+0000 INFO  [o.n.k.i.DiagnosticsManager]:   lock: 2014-02-01T07:56:55+0000 - 0.00 B
2014-02-01 07:56:56.241+0000 INFO  [o.n.k.i.DiagnosticsManager]:   messages.log: 2014-02-01T07:56:56+0000 - 45.52 kB
2014-02-01 07:56:56.241+0000 INFO  [o.n.k.i.DiagnosticsManager]:   neostore: 2014-02-01T07:56:55+0000 - 63.00 B
2014-02-01 07:56:56.242+0000 INFO  [o.n.k.i.DiagnosticsManager]:   neostore.id: 2014-02-01T07:56:55+0000 - 9.00 B
2014-02-01 07:56:56.242+0000 INFO  [o.n.k.i.DiagnosticsManager]:   neostore.labeltokenstore.db: 2014-02-01T07:56:55+0000 - 0.00 B
2014-02-01 07:56:56.242+0000 INFO  [o.n.k.i.DiagnosticsManager]:   neostore.labeltokenstore.db.id: 2014-02-01T07:56:55+0000 - 9.00 B
2014-02-01 07:56:56.242+0000 INFO  [o.n.k.i.DiagnosticsManager]:   neostore.labeltokenstore.db.names: 2014-02-01T07:56:55+0000 - 38.00 B
2014-02-01 07:56:56.243+0000 INFO  [o.n.k.i.DiagnosticsManager]:   neostore.labeltokenstore.db.names.id: 2014-02-01T07:56:55+0000 - 9.00 B
2014-02-01 07:56:56.243+0000 INFO  [o.n.k.i.DiagnosticsManager]:   neostore.nodestore.db: 2014-02-01T07:56:55+0000 - 0.00 B
2014-02-01 07:56:56.243+0000 INFO  [o.n.k.i.DiagnosticsManager]:   neostore.nodestore.db.id: 2014-02-01T07:56:55+0000 - 9.00 B
2014-02-01 07:56:56.243+0000 INFO  [o.n.k.i.DiagnosticsManager]:   neostore.nodestore.db.labels: 2014-02-01T07:56:55+0000 - 68.00 B
2014-02-01 07:56:56.244+0000 INFO  [o.n.k.i.DiagnosticsManager]:   neostore.nodestore.db.labels.id: 2014-02-01T07:56:55+0000 - 9.00 B
2014-02-01 07:56:56.244+0000 INFO  [o.n.k.i.DiagnosticsManager]:   neostore.propertystore.db: 2014-02-01T07:56:55+0000 - 0.00 B
2014-02-01 07:56:56.244+0000 INFO  [o.n.k.i.DiagnosticsManager]:   neostore.propertystore.db.arrays: 2014-02-01T07:56:55+0000 - 128.00 B
2014-02-01 07:56:56.244+0000 INFO  [o.n.k.i.DiagnosticsManager]:   neostore.propertystore.db.arrays.id: 2014-02-01T07:56:55+0000 - 9.00 B
2014-02-01 07:56:56.245+0000 INFO  [o.n.k.i.DiagnosticsManager]:   neostore.propertystore.db.id: 2014-02-01T07:56:55+0000 - 9.00 B
2014-02-01 07:56:56.245+0000 INFO  [o.n.k.i.DiagnosticsManager]:   neostore.propertystore.db.index: 2014-02-01T07:56:55+0000 - 0.00 B
2014-02-01 07:56:56.246+0000 INFO  [o.n.k.i.DiagnosticsManager]:   neostore.propertystore.db.index.id: 2014-02-01T07:56:55+0000 - 9.00 B
2014-02-01 07:56:56.246+0000 INFO  [o.n.k.i.DiagnosticsManager]:   neostore.propertystore.db.index.keys: 2014-02-01T07:56:55+0000 - 38.00 B
2014-02-01 07:56:56.246+0000 INFO  [o.n.k.i.DiagnosticsManager]:   neostore.propertystore.db.index.keys.id: 2014-02-01T07:56:55+0000 - 9.00 B
2014-02-01 07:56:56.247+0000 INFO  [o.n.k.i.DiagnosticsManager]:   neostore.propertystore.db.strings: 2014-02-01T07:56:55+0000 - 128.00 B
2014-02-01 07:56:56.247+0000 INFO  [o.n.k.i.DiagnosticsManager]:   neostore.propertystore.db.strings.id: 2014-02-01T07:56:55+0000 - 9.00 B
2014-02-01 07:56:56.247+0000 INFO  [o.n.k.i.DiagnosticsManager]:   neostore.relationshipstore.db: 2014-02-01T07:56:55+0000 - 0.00 B
2014-02-01 07:56:56.247+0000 INFO  [o.n.k.i.DiagnosticsManager]:   neostore.relationshipstore.db.id: 2014-02-01T07:56:55+0000 - 9.00 B
2014-02-01 07:56:56.248+0000 INFO  [o.n.k.i.DiagnosticsManager]:   neostore.relationshiptypestore.db: 2014-02-01T07:56:55+0000 - 0.00 B
2014-02-01 07:56:56.248+0000 INFO  [o.n.k.i.DiagnosticsManager]:   neostore.relationshiptypestore.db.id: 2014-02-01T07:56:55+0000 - 9.00 B
2014-02-01 07:56:56.248+0000 INFO  [o.n.k.i.DiagnosticsManager]:   neostore.relationshiptypestore.db.names: 2014-02-01T07:56:55+0000 - 38.00 B
2014-02-01 07:56:56.248+0000 INFO  [o.n.k.i.DiagnosticsManager]:   neostore.relationshiptypestore.db.names.id: 2014-02-01T07:56:55+0000 - 9.00 B
2014-02-01 07:56:56.249+0000 INFO  [o.n.k.i.DiagnosticsManager]:   neostore.schemastore.db: 2014-02-01T07:56:55+0000 - 64.00 B
2014-02-01 07:56:56.249+0000 INFO  [o.n.k.i.DiagnosticsManager]:   neostore.schemastore.db.id: 2014-02-01T07:56:55+0000 - 9.00 B
2014-02-01 07:56:56.249+0000 INFO  [o.n.k.i.DiagnosticsManager]:   nioneo_logical.log.1: 2014-02-01T07:56:56+0000 - 16.00 B
2014-02-01 07:56:56.249+0000 INFO  [o.n.k.i.DiagnosticsManager]:   nioneo_logical.log.active: 2014-02-01T07:56:56+0000 - 4.00 B
2014-02-01 07:56:56.249+0000 INFO  [o.n.k.i.DiagnosticsManager]:   schema:
2014-02-01 07:56:56.250+0000 INFO  [o.n.k.i.DiagnosticsManager]:     label:
2014-02-01 07:56:56.250+0000 INFO  [o.n.k.i.DiagnosticsManager]:       lucene:
2014-02-01 07:56:56.250+0000 INFO  [o.n.k.i.DiagnosticsManager]:         write.lock: 2014-02-01T07:56:56+0000 - 0.00 B
2014-02-01 07:56:56.250+0000 INFO  [o.n.k.i.DiagnosticsManager]:       - Total: 2014-02-01T07:56:56+0000 - 0.00 B
2014-02-01 07:56:56.250+0000 INFO  [o.n.k.i.DiagnosticsManager]:     - Total: 2014-02-01T07:56:56+0000 - 0.00 B
2014-02-01 07:56:56.251+0000 INFO  [o.n.k.i.DiagnosticsManager]:   - Total: 2014-02-01T07:56:55+0000 - 0.00 B
2014-02-01 07:56:56.251+0000 INFO  [o.n.k.i.DiagnosticsManager]:   store_lock: 2014-02-01T07:56:55+0000 - 0.00 B
2014-02-01 07:56:56.251+0000 INFO  [o.n.k.i.DiagnosticsManager]:   tm_tx_log.1: 2014-02-01T07:56:56+0000 - 0.00 B
2014-02-01 07:56:56.251+0000 INFO  [o.n.k.i.DiagnosticsManager]: --- STARTED diagnostics for KernelDiagnostics:StoreFiles END ---
2014-02-01 07:56:56.281+0000 INFO  [o.n.k.EmbeddedGraphDatabase]: GC Monitor started. 
2014-02-01 07:56:56.281+0000 INFO  [o.n.k.EmbeddedGraphDatabase]: Database is now ready
2014-02-01 07:56:56.282+0000 INFO  [o.n.k.i.DiagnosticsManager]: --- SERVER STARTED START ---
2014-02-01 07:56:57.045+0000 INFO  [o.n.k.i.DiagnosticsManager]: --- STARTED diagnostics for org.neo4j.server.configuration.Configurator START ---
2014-02-01 07:56:57.047+0000 INFO  [o.n.k.i.DiagnosticsManager]: Server configuration:
2014-02-01 07:56:57.047+0000 INFO  [o.n.k.i.DiagnosticsManager]: org.neo4j.server.database.location = data/graph.db
2014-02-01 07:56:57.047+0000 INFO  [o.n.k.i.DiagnosticsManager]: org.neo4j.server.webserver.port = 7474
2014-02-01 07:56:57.047+0000 INFO  [o.n.k.i.DiagnosticsManager]: org.neo4j.server.webserver.https.enabled = true
2014-02-01 07:56:57.047+0000 INFO  [o.n.k.i.DiagnosticsManager]: org.neo4j.server.webserver.https.port = 7473
2014-02-01 07:56:57.047+0000 INFO  [o.n.k.i.DiagnosticsManager]: org.neo4j.server.webserver.https.cert.location = conf/ssl/snakeoil.cert
2014-02-01 07:56:57.047+0000 INFO  [o.n.k.i.DiagnosticsManager]: org.neo4j.server.webserver.https.key.location = conf/ssl/snakeoil.key
2014-02-01 07:56:57.047+0000 INFO  [o.n.k.i.DiagnosticsManager]: org.neo4j.server.webserver.https.keystore.location = data/keystore
2014-02-01 07:56:57.047+0000 INFO  [o.n.k.i.DiagnosticsManager]: org.neo4j.server.webadmin.rrdb.location = data/rrd
2014-02-01 07:56:57.047+0000 INFO  [o.n.k.i.DiagnosticsManager]: org.neo4j.server.db.tuning.properties = conf/neo4j.properties
2014-02-01 07:56:57.047+0000 INFO  [o.n.k.i.DiagnosticsManager]: org.neo4j.server.manage.console_engines = shell
2014-02-01 07:56:57.047+0000 INFO  [o.n.k.i.DiagnosticsManager]: org.neo4j.server.http.log.enabled = false
2014-02-01 07:56:57.047+0000 INFO  [o.n.k.i.DiagnosticsManager]: org.neo4j.server.http.log.config = conf/neo4j-http-logging.xml
2014-02-01 07:56:57.047+0000 INFO  [o.n.k.i.DiagnosticsManager]: org.neo4j.server.webadmin.management.uri = /db/manage/
2014-02-01 07:56:57.048+0000 INFO  [o.n.k.i.DiagnosticsManager]: org.neo4j.server.webadmin.data.uri = /db/data/
2014-02-01 07:56:57.048+0000 INFO  [o.n.k.i.DiagnosticsManager]: --- STARTED diagnostics for org.neo4j.server.configuration.Configurator END ---
2014-02-01 07:56:57.053+0000 INFO  [o.n.k.i.DiagnosticsManager]: Mounted discovery module (org.neo4j.server.rest.discovery) at: /
2014-02-01 07:56:57.059+0000 INFO  [o.n.k.i.DiagnosticsManager]: Mounted REST API at: /db/data/
2014-02-01 07:56:57.061+0000 INFO  [o.n.k.i.DiagnosticsManager]: Mounted management API at: /db/manage/
2014-02-01 07:56:57.062+0000 INFO  [o.n.k.i.DiagnosticsManager]: Mounted webadmin at: /webadmin
2014-02-01 07:56:57.063+0000 INFO  [o.n.k.i.DiagnosticsManager]: Mounted Neo4j Browser at: /browser
2014-02-01 07:56:58.451+0000 INFO  [o.n.k.i.DiagnosticsManager]: Server started on: http://localhost:7474/
2014-02-01 07:56:58.452+0000 INFO  [o.n.k.i.DiagnosticsManager]: --- SERVER STARTED END ---
2014-02-01 08:31:37.179+0000 ERROR [o.n.k.i.t.TxManager]: Commit failed, status=STATUS_COMMITING, errorCode=103
javax.transaction.xa.XAException: null
	at org.neo4j.kernel.impl.nioneo.xa.IntegrityValidator.validateNodeRecord(IntegrityValidator.java:54) ~[neo4j-kernel-2.0.0.jar:2.0.0]
	at org.neo4j.kernel.impl.nioneo.xa.WriteTransaction.doPrepare(WriteTransaction.java:401) ~[neo4j-kernel-2.0.0.jar:2.0.0]
	at org.neo4j.kernel.impl.transaction.xaframework.XaTransaction.prepare(XaTransaction.java:302) ~[neo4j-kernel-2.0.0.jar:2.0.0]
	at org.neo4j.kernel.impl.transaction.xaframework.XaResourceManager.commitWriteTx(XaResourceManager.java:493) ~[neo4j-kernel-2.0.0.jar:2.0.0]
	at org.neo4j.kernel.impl.transaction.xaframework.XaResourceManager.commit(XaResourceManager.java:446) ~[neo4j-kernel-2.0.0.jar:2.0.0]
	at org.neo4j.kernel.impl.transaction.xaframework.XaResourceHelpImpl.commit(XaResourceHelpImpl.java:64) ~[neo4j-kernel-2.0.0.jar:2.0.0]
	at org.neo4j.kernel.impl.transaction.TransactionImpl.doCommit(TransactionImpl.java:545) ~[neo4j-kernel-2.0.0.jar:2.0.0]
	at org.neo4j.kernel.impl.transaction.TxManager.commit(TxManager.java:460) [neo4j-kernel-2.0.0.jar:2.0.0]
	at org.neo4j.kernel.impl.transaction.TxManager.commit(TxManager.java:397) [neo4j-kernel-2.0.0.jar:2.0.0]
	at org.neo4j.server.rest.transactional.TransitionalTxManagementKernelTransaction.commit(TransitionalTxManagementKernelTransaction.java:84) [neo4j-server-2.0.0.jar:2.0.0]
	at org.neo4j.server.rest.transactional.TransactionHandle.commit(TransactionHandle.java:195) [neo4j-server-2.0.0.jar:2.0.0]
	at org.neo4j.server.rest.transactional.TransactionHandle.commit(TransactionHandle.java:109) [neo4j-server-2.0.0.jar:2.0.0]
	at org.neo4j.server.rest.web.TransactionalService$2.write(TransactionalService.java:198) [neo4j-server-2.0.0.jar:2.0.0]
	at com.sun.jersey.core.impl.provider.entity.StreamingOutputProvider.writeTo(StreamingOutputProvider.java:71) [jersey-core-1.9.jar:1.9]
	at com.sun.jersey.core.impl.provider.entity.StreamingOutputProvider.writeTo(StreamingOutputProvider.java:57) [jersey-core-1.9.jar:1.9]
	at com.sun.jersey.spi.container.ContainerResponse.write(ContainerResponse.java:306) [jersey-server-1.9.jar:1.9]
	at com.sun.jersey.server.impl.application.WebApplicationImpl._handleRequest(WebApplicationImpl.java:1437) [jersey-server-1.9.jar:1.9]
	at com.sun.jersey.server.impl.application.WebApplicationImpl.handleRequest(WebApplicationImpl.java:1349) [jersey-server-1.9.jar:1.9]
	at com.sun.jersey.server.impl.application.WebApplicationImpl.handleRequest(WebApplicationImpl.java:1339) [jersey-server-1.9.jar:1.9]
	at com.sun.jersey.spi.container.servlet.WebComponent.service(WebComponent.java:416) [jersey-server-1.9.jar:1.9]
	at com.sun.jersey.spi.container.servlet.ServletContainer.service(ServletContainer.java:537) [jersey-server-1.9.jar:1.9]
	at com.sun.jersey.spi.container.servlet.ServletContainer.service(ServletContainer.java:699) [jersey-server-1.9.jar:1.9]
	at javax.servlet.http.HttpServlet.service(HttpServlet.java:848) [javax.servlet-3.0.0.v201112011016.jar:na]
	at org.eclipse.jetty.servlet.ServletHolder.handle(ServletHolder.java:698) [jetty-servlet-9.0.5.v20130815.jar:9.0.5.v20130815]
	at org.eclipse.jetty.servlet.ServletHandler$CachedChain.doFilter(ServletHandler.java:1506) [jetty-servlet-9.0.5.v20130815.jar:9.0.5.v20130815]
	at org.neo4j.server.rest.security.SecurityFilter.doFilter(SecurityFilter.java:112) [neo4j-server-2.0.0.jar:2.0.0]
	at org.eclipse.jetty.servlet.ServletHandler$CachedChain.doFilter(ServletHandler.java:1477) [jetty-servlet-9.0.5.v20130815.jar:9.0.5.v20130815]
	at org.eclipse.jetty.servlet.ServletHandler.doHandle(ServletHandler.java:503) [jetty-servlet-9.0.5.v20130815.jar:9.0.5.v20130815]
	at org.eclipse.jetty.server.session.SessionHandler.doHandle(SessionHandler.java:211) [jetty-server-9.0.5.v20130815.jar:9.0.5.v20130815]
	at org.eclipse.jetty.server.handler.ContextHandler.doHandle(ContextHandler.java:1096) [jetty-server-9.0.5.v20130815.jar:9.0.5.v20130815]
	at org.eclipse.jetty.servlet.ServletHandler.doScope(ServletHandler.java:432) [jetty-servlet-9.0.5.v20130815.jar:9.0.5.v20130815]
	at org.eclipse.jetty.server.session.SessionHandler.doScope(SessionHandler.java:175) [jetty-server-9.0.5.v20130815.jar:9.0.5.v20130815]
	at org.eclipse.jetty.server.handler.ContextHandler.doScope(ContextHandler.java:1030) [jetty-server-9.0.5.v20130815.jar:9.0.5.v20130815]
	at org.eclipse.jetty.server.handler.ScopedHandler.handle(ScopedHandler.java:136) [jetty-server-9.0.5.v20130815.jar:9.0.5.v20130815]
	at org.eclipse.jetty.server.handler.HandlerList.handle(HandlerList.java:52) [jetty-server-9.0.5.v20130815.jar:9.0.5.v20130815]
	at org.eclipse.jetty.server.handler.HandlerWrapper.handle(HandlerWrapper.java:97) [jetty-server-9.0.5.v20130815.jar:9.0.5.v20130815]
	at org.eclipse.jetty.server.Server.handle(Server.java:445) [jetty-server-9.0.5.v20130815.jar:9.0.5.v20130815]
	at org.eclipse.jetty.server.HttpChannel.handle(HttpChannel.java:268) [jetty-server-9.0.5.v20130815.jar:9.0.5.v20130815]
	at org.eclipse.jetty.server.HttpConnection.onFillable(HttpConnection.java:229) [jetty-server-9.0.5.v20130815.jar:9.0.5.v20130815]
	at org.eclipse.jetty.io.AbstractConnection$ReadCallback.run(AbstractConnection.java:358) [jetty-io-9.0.5.v20130815.jar:9.0.5.v20130815]
	at org.eclipse.jetty.util.thread.QueuedThreadPool.runJob(QueuedThreadPool.java:601) [jetty-util-9.0.5.v20130815.jar:9.0.5.v20130815]
	at org.eclipse.jetty.util.thread.QueuedThreadPool$3.run(QueuedThreadPool.java:532) [jetty-util-9.0.5.v20130815.jar:9.0.5.v20130815]
	at java.lang.Thread.run(Thread.java:744) [na:1.7.0_45]
Caused by: org.neo4j.graphdb.ConstraintViolationException: Node record Node[10,used=false,rel=4,prop=32,labels=Inline(0x0:[]),light] still has relationships
	... 43 common frames omitted
2014-02-01 08:31:37.181+0000 ERROR [o.n.k.i.t.TxManager]: TM error tx commit
javax.transaction.HeuristicRollbackException: Failed to commit transaction Transaction(98, owner:"qtp505169139-103")[STATUS_NO_TRANSACTION,Resources=1], transaction rolled back ---> javax.transaction.xa.XAException
	at org.neo4j.kernel.impl.transaction.TxManager.commit(TxManager.java:565) [neo4j-kernel-2.0.0.jar:2.0.0]
	at org.neo4j.kernel.impl.transaction.TxManager.commit(TxManager.java:397) [neo4j-kernel-2.0.0.jar:2.0.0]
	at org.neo4j.server.rest.transactional.TransitionalTxManagementKernelTransaction.commit(TransitionalTxManagementKernelTransaction.java:84) [neo4j-server-2.0.0.jar:2.0.0]
	at org.neo4j.server.rest.transactional.TransactionHandle.commit(TransactionHandle.java:195) [neo4j-server-2.0.0.jar:2.0.0]
	at org.neo4j.server.rest.transactional.TransactionHandle.commit(TransactionHandle.java:109) [neo4j-server-2.0.0.jar:2.0.0]
	at org.neo4j.server.rest.web.TransactionalService$2.write(TransactionalService.java:198) [neo4j-server-2.0.0.jar:2.0.0]
	at com.sun.jersey.core.impl.provider.entity.StreamingOutputProvider.writeTo(StreamingOutputProvider.java:71) [jersey-core-1.9.jar:1.9]
	at com.sun.jersey.core.impl.provider.entity.StreamingOutputProvider.writeTo(StreamingOutputProvider.java:57) [jersey-core-1.9.jar:1.9]
	at com.sun.jersey.spi.container.ContainerResponse.write(ContainerResponse.java:306) [jersey-server-1.9.jar:1.9]
	at com.sun.jersey.server.impl.application.WebApplicationImpl._handleRequest(WebApplicationImpl.java:1437) [jersey-server-1.9.jar:1.9]
	at com.sun.jersey.server.impl.application.WebApplicationImpl.handleRequest(WebApplicationImpl.java:1349) [jersey-server-1.9.jar:1.9]
	at com.sun.jersey.server.impl.application.WebApplicationImpl.handleRequest(WebApplicationImpl.java:1339) [jersey-server-1.9.jar:1.9]
	at com.sun.jersey.spi.container.servlet.WebComponent.service(WebComponent.java:416) [jersey-server-1.9.jar:1.9]
	at com.sun.jersey.spi.container.servlet.ServletContainer.service(ServletContainer.java:537) [jersey-server-1.9.jar:1.9]
	at com.sun.jersey.spi.container.servlet.ServletContainer.service(ServletContainer.java:699) [jersey-server-1.9.jar:1.9]
	at javax.servlet.http.HttpServlet.service(HttpServlet.java:848) [javax.servlet-3.0.0.v201112011016.jar:na]
	at org.eclipse.jetty.servlet.ServletHolder.handle(ServletHolder.java:698) [jetty-servlet-9.0.5.v20130815.jar:9.0.5.v20130815]
	at org.eclipse.jetty.servlet.ServletHandler$CachedChain.doFilter(ServletHandler.java:1506) [jetty-servlet-9.0.5.v20130815.jar:9.0.5.v20130815]
	at org.neo4j.server.rest.security.SecurityFilter.doFilter(SecurityFilter.java:112) [neo4j-server-2.0.0.jar:2.0.0]
	at org.eclipse.jetty.servlet.ServletHandler$CachedChain.doFilter(ServletHandler.java:1477) [jetty-servlet-9.0.5.v20130815.jar:9.0.5.v20130815]
	at org.eclipse.jetty.servlet.ServletHandler.doHandle(ServletHandler.java:503) [jetty-servlet-9.0.5.v20130815.jar:9.0.5.v20130815]
	at org.eclipse.jetty.server.session.SessionHandler.doHandle(SessionHandler.java:211) [jetty-server-9.0.5.v20130815.jar:9.0.5.v20130815]
	at org.eclipse.jetty.server.handler.ContextHandler.doHandle(ContextHandler.java:1096) [jetty-server-9.0.5.v20130815.jar:9.0.5.v20130815]
	at org.eclipse.jetty.servlet.ServletHandler.doScope(ServletHandler.java:432) [jetty-servlet-9.0.5.v20130815.jar:9.0.5.v20130815]
	at org.eclipse.jetty.server.session.SessionHandler.doScope(SessionHandler.java:175) [jetty-server-9.0.5.v20130815.jar:9.0.5.v20130815]
	at org.eclipse.jetty.server.handler.ContextHandler.doScope(ContextHandler.java:1030) [jetty-server-9.0.5.v20130815.jar:9.0.5.v20130815]
	at org.eclipse.jetty.server.handler.ScopedHandler.handle(ScopedHandler.java:136) [jetty-server-9.0.5.v20130815.jar:9.0.5.v20130815]
	at org.eclipse.jetty.server.handler.HandlerList.handle(HandlerList.java:52) [jetty-server-9.0.5.v20130815.jar:9.0.5.v20130815]
	at org.eclipse.jetty.server.handler.HandlerWrapper.handle(HandlerWrapper.java:97) [jetty-server-9.0.5.v20130815.jar:9.0.5.v20130815]
	at org.eclipse.jetty.server.Server.handle(Server.java:445) [jetty-server-9.0.5.v20130815.jar:9.0.5.v20130815]
	at org.eclipse.jetty.server.HttpChannel.handle(HttpChannel.java:268) [jetty-server-9.0.5.v20130815.jar:9.0.5.v20130815]
	at org.eclipse.jetty.server.HttpConnection.onFillable(HttpConnection.java:229) [jetty-server-9.0.5.v20130815.jar:9.0.5.v20130815]
	at org.eclipse.jetty.io.AbstractConnection$ReadCallback.run(AbstractConnection.java:358) [jetty-io-9.0.5.v20130815.jar:9.0.5.v20130815]
	at org.eclipse.jetty.util.thread.QueuedThreadPool.runJob(QueuedThreadPool.java:601) [jetty-util-9.0.5.v20130815.jar:9.0.5.v20130815]
	at org.eclipse.jetty.util.thread.QueuedThreadPool$3.run(QueuedThreadPool.java:532) [jetty-util-9.0.5.v20130815.jar:9.0.5.v20130815]
	at java.lang.Thread.run(Thread.java:744) [na:1.7.0_45]
Caused by: javax.transaction.xa.XAException: null
	at org.neo4j.kernel.impl.nioneo.xa.IntegrityValidator.validateNodeRecord(IntegrityValidator.java:54) ~[neo4j-kernel-2.0.0.jar:2.0.0]
	at org.neo4j.kernel.impl.nioneo.xa.WriteTransaction.doPrepare(WriteTransaction.java:401) ~[neo4j-kernel-2.0.0.jar:2.0.0]
	at org.neo4j.kernel.impl.transaction.xaframework.XaTransaction.prepare(XaTransaction.java:302) ~[neo4j-kernel-2.0.0.jar:2.0.0]
	at org.neo4j.kernel.impl.transaction.xaframework.XaResourceManager.commitWriteTx(XaResourceManager.java:493) ~[neo4j-kernel-2.0.0.jar:2.0.0]
	at org.neo4j.kernel.impl.transaction.xaframework.XaResourceManager.commit(XaResourceManager.java:446) ~[neo4j-kernel-2.0.0.jar:2.0.0]
	at org.neo4j.kernel.impl.transaction.xaframework.XaResourceHelpImpl.commit(XaResourceHelpImpl.java:64) ~[neo4j-kernel-2.0.0.jar:2.0.0]
	at org.neo4j.kernel.impl.transaction.TransactionImpl.doCommit(TransactionImpl.java:545) ~[neo4j-kernel-2.0.0.jar:2.0.0]
	at org.neo4j.kernel.impl.transaction.TxManager.commit(TxManager.java:460) [neo4j-kernel-2.0.0.jar:2.0.0]
	... 35 common frames omitted
Caused by: org.neo4j.graphdb.ConstraintViolationException: Node record Node[10,used=false,rel=4,prop=32,labels=Inline(0x0:[]),light] still has relationships
	... 43 common frames omitted
2014-02-01 08:31:37.182+0000 ERROR [o.n.s.r.t.TransactionFacade]: Failed to commit transaction.
java.lang.RuntimeException: javax.transaction.HeuristicRollbackException: Failed to commit transaction Transaction(98, owner:"qtp505169139-103")[STATUS_NO_TRANSACTION,Resources=1], transaction rolled back ---> javax.transaction.xa.XAException
	at org.neo4j.server.rest.transactional.TransitionalTxManagementKernelTransaction.commit(TransitionalTxManagementKernelTransaction.java:88) ~[neo4j-server-2.0.0.jar:2.0.0]
	at org.neo4j.server.rest.transactional.TransactionHandle.commit(TransactionHandle.java:195) [neo4j-server-2.0.0.jar:2.0.0]
	at org.neo4j.server.rest.transactional.TransactionHandle.commit(TransactionHandle.java:109) [neo4j-server-2.0.0.jar:2.0.0]
	at org.neo4j.server.rest.web.TransactionalService$2.write(TransactionalService.java:198) [neo4j-server-2.0.0.jar:2.0.0]
	at com.sun.jersey.core.impl.provider.entity.StreamingOutputProvider.writeTo(StreamingOutputProvider.java:71) [jersey-core-1.9.jar:1.9]
	at com.sun.jersey.core.impl.provider.entity.StreamingOutputProvider.writeTo(StreamingOutputProvider.java:57) [jersey-core-1.9.jar:1.9]
	at com.sun.jersey.spi.container.ContainerResponse.write(ContainerResponse.java:306) [jersey-server-1.9.jar:1.9]
	at com.sun.jersey.server.impl.application.WebApplicationImpl._handleRequest(WebApplicationImpl.java:1437) [jersey-server-1.9.jar:1.9]
	at com.sun.jersey.server.impl.application.WebApplicationImpl.handleRequest(WebApplicationImpl.java:1349) [jersey-server-1.9.jar:1.9]
	at com.sun.jersey.server.impl.application.WebApplicationImpl.handleRequest(WebApplicationImpl.java:1339) [jersey-server-1.9.jar:1.9]
	at com.sun.jersey.spi.container.servlet.WebComponent.service(WebComponent.java:416) [jersey-server-1.9.jar:1.9]
	at com.sun.jersey.spi.container.servlet.ServletContainer.service(ServletContainer.java:537) [jersey-server-1.9.jar:1.9]
	at com.sun.jersey.spi.container.servlet.ServletContainer.service(ServletContainer.java:699) [jersey-server-1.9.jar:1.9]
	at javax.servlet.http.HttpServlet.service(HttpServlet.java:848) [javax.servlet-3.0.0.v201112011016.jar:na]
	at org.eclipse.jetty.servlet.ServletHolder.handle(ServletHolder.java:698) [jetty-servlet-9.0.5.v20130815.jar:9.0.5.v20130815]
	at org.eclipse.jetty.servlet.ServletHandler$CachedChain.doFilter(ServletHandler.java:1506) [jetty-servlet-9.0.5.v20130815.jar:9.0.5.v20130815]
	at org.neo4j.server.rest.security.SecurityFilter.doFilter(SecurityFilter.java:112) [neo4j-server-2.0.0.jar:2.0.0]
	at org.eclipse.jetty.servlet.ServletHandler$CachedChain.doFilter(ServletHandler.java:1477) [jetty-servlet-9.0.5.v20130815.jar:9.0.5.v20130815]
	at org.eclipse.jetty.servlet.ServletHandler.doHandle(ServletHandler.java:503) [jetty-servlet-9.0.5.v20130815.jar:9.0.5.v20130815]
	at org.eclipse.jetty.server.session.SessionHandler.doHandle(SessionHandler.java:211) [jetty-server-9.0.5.v20130815.jar:9.0.5.v20130815]
	at org.eclipse.jetty.server.handler.ContextHandler.doHandle(ContextHandler.java:1096) [jetty-server-9.0.5.v20130815.jar:9.0.5.v20130815]
	at org.eclipse.jetty.servlet.ServletHandler.doScope(ServletHandler.java:432) [jetty-servlet-9.0.5.v20130815.jar:9.0.5.v20130815]
	at org.eclipse.jetty.server.session.SessionHandler.doScope(SessionHandler.java:175) [jetty-server-9.0.5.v20130815.jar:9.0.5.v20130815]
	at org.eclipse.jetty.server.handler.ContextHandler.doScope(ContextHandler.java:1030) [jetty-server-9.0.5.v20130815.jar:9.0.5.v20130815]
	at org.eclipse.jetty.server.handler.ScopedHandler.handle(ScopedHandler.java:136) [jetty-server-9.0.5.v20130815.jar:9.0.5.v20130815]
	at org.eclipse.jetty.server.handler.HandlerList.handle(HandlerList.java:52) [jetty-server-9.0.5.v20130815.jar:9.0.5.v20130815]
	at org.eclipse.jetty.server.handler.HandlerWrapper.handle(HandlerWrapper.java:97) [jetty-server-9.0.5.v20130815.jar:9.0.5.v20130815]
	at org.eclipse.jetty.server.Server.handle(Server.java:445) [jetty-server-9.0.5.v20130815.jar:9.0.5.v20130815]
	at org.eclipse.jetty.server.HttpChannel.handle(HttpChannel.java:268) [jetty-server-9.0.5.v20130815.jar:9.0.5.v20130815]
	at org.eclipse.jetty.server.HttpConnection.onFillable(HttpConnection.java:229) [jetty-server-9.0.5.v20130815.jar:9.0.5.v20130815]
	at org.eclipse.jetty.io.AbstractConnection$ReadCallback.run(AbstractConnection.java:358) [jetty-io-9.0.5.v20130815.jar:9.0.5.v20130815]
	at org.eclipse.jetty.util.thread.QueuedThreadPool.runJob(QueuedThreadPool.java:601) [jetty-util-9.0.5.v20130815.jar:9.0.5.v20130815]
	at org.eclipse.jetty.util.thread.QueuedThreadPool$3.run(QueuedThreadPool.java:532) [jetty-util-9.0.5.v20130815.jar:9.0.5.v20130815]
	at java.lang.Thread.run(Thread.java:744) [na:1.7.0_45]
Caused by: javax.transaction.HeuristicRollbackException: Failed to commit transaction Transaction(98, owner:"qtp505169139-103")[STATUS_NO_TRANSACTION,Resources=1], transaction rolled back ---> javax.transaction.xa.XAException
	at org.neo4j.kernel.impl.transaction.TxManager.commit(TxManager.java:565) ~[neo4j-kernel-2.0.0.jar:2.0.0]
	at org.neo4j.kernel.impl.transaction.TxManager.commit(TxManager.java:397) ~[neo4j-kernel-2.0.0.jar:2.0.0]
	at org.neo4j.server.rest.transactional.TransitionalTxManagementKernelTransaction.commit(TransitionalTxManagementKernelTransaction.java:84) ~[neo4j-server-2.0.0.jar:2.0.0]
	... 33 common frames omitted
Caused by: javax.transaction.xa.XAException: null
	at org.neo4j.kernel.impl.nioneo.xa.IntegrityValidator.validateNodeRecord(IntegrityValidator.java:54) ~[neo4j-kernel-2.0.0.jar:2.0.0]
	at org.neo4j.kernel.impl.nioneo.xa.WriteTransaction.doPrepare(WriteTransaction.java:401) ~[neo4j-kernel-2.0.0.jar:2.0.0]
	at org.neo4j.kernel.impl.transaction.xaframework.XaTransaction.prepare(XaTransaction.java:302) ~[neo4j-kernel-2.0.0.jar:2.0.0]
	at org.neo4j.kernel.impl.transaction.xaframework.XaResourceManager.commitWriteTx(XaResourceManager.java:493) ~[neo4j-kernel-2.0.0.jar:2.0.0]
	at org.neo4j.kernel.impl.transaction.xaframework.XaResourceManager.commit(XaResourceManager.java:446) ~[neo4j-kernel-2.0.0.jar:2.0.0]
	at org.neo4j.kernel.impl.transaction.xaframework.XaResourceHelpImpl.commit(XaResourceHelpImpl.java:64) ~[neo4j-kernel-2.0.0.jar:2.0.0]
	at org.neo4j.kernel.impl.transaction.TransactionImpl.doCommit(TransactionImpl.java:545) ~[neo4j-kernel-2.0.0.jar:2.0.0]
	at org.neo4j.kernel.impl.transaction.TxManager.commit(TxManager.java:460) ~[neo4j-kernel-2.0.0.jar:2.0.0]
	... 35 common frames omitted
Caused by: org.neo4j.graphdb.ConstraintViolationException: Node record Node[10,used=false,rel=4,prop=32,labels=Inline(0x0:[]),light] still has relationships
	... 43 common frames omitted
2014-02-01 09:13:51.002+0000 WARN  [o.n.k.EmbeddedGraphDatabase]: GC Monitor: Application threads blocked for an additional 983291ms [total block time: 983.291s]
2014-02-01 09:54:56.062+0000 WARN  [o.n.k.EmbeddedGraphDatabase]: GC Monitor: Application threads blocked for an additional 351138ms [total block time: 1334.429s]
2014-02-01 10:02:30.093+0000 WARN  [o.n.k.EmbeddedGraphDatabase]: GC Monitor: Application threads blocked for an additional 403126ms [total block time: 1737.555s]
2014-02-01 11:36:40.363+0000 WARN  [o.n.k.EmbeddedGraphDatabase]: GC Monitor: Application threads blocked for an additional 1109ms [total block time: 1738.664s]
2014-02-01 12:07:25.058+0000 WARN  [o.n.k.EmbeddedGraphDatabase]: GC Monitor: Application threads blocked for an additional 1788792ms [total block time: 3527.456s]
2014-02-01 12:16:53.018+0000 WARN  [o.n.k.EmbeddedGraphDatabase]: GC Monitor: Application threads blocked for an additional 483715ms [total block time: 4011.171s]
2014-02-01 13:21:19.057+0000 WARN  [o.n.k.EmbeddedGraphDatabase]: GC Monitor: Application threads blocked for an additional 1381666ms [total block time: 5392.837s]
2014-02-01 14:17:50.099+0000 WARN  [o.n.k.EmbeddedGraphDatabase]: GC Monitor: Application threads blocked for an additional 1343485ms [total block time: 6736.322s]
