2014-02-01 07:56:55.155+0000 INFO  [API] Setting startup timeout to: 120000ms based on -1
2014-02-01 07:56:56.282+0000 INFO  [API] Successfully started database
2014-02-01 07:56:56.749+0000 INFO  [API] Starting HTTP on port :7474 with 80 threads available
2014-02-01 07:56:56.959+0000 INFO  [API] Enabling HTTPS on port :7473
2014-02-01 07:56:57.053+0000 INFO  [API] Mounted discovery module at [/]
2014-02-01 07:56:57.059+0000 INFO  [API] Mounted REST API at [/db/data/]
2014-02-01 07:56:57.061+0000 INFO  [API] Mounted management API at [/db/manage/]
2014-02-01 07:56:57.062+0000 INFO  [API] Mounted webadmin at [/webadmin]
2014-02-01 07:56:57.063+0000 INFO  [API] Mounted Neo4j Browser at [/browser]
2014-02-01 07:56:57.151+0000 INFO  [API] Mounting static content at [/webadmin] from [webadmin-html]
2014-02-01 07:56:57.211+0000 INFO  [API] Mounting static content at [/browser] from [browser]
07:56:57.213 [main] WARN  o.e.j.server.handler.ContextHandler - o.e.j.s.ServletContextHandler@7e3a325b{/,null,null} contextPath ends with /
07:56:57.213 [main] WARN  o.e.j.server.handler.ContextHandler - Empty contextPath
07:56:57.216 [main] INFO  org.eclipse.jetty.server.Server - jetty-9.0.5.v20130815
07:56:57.242 [main] INFO  o.e.j.server.handler.ContextHandler - Started o.e.j.s.h.MovedContextHandler@34c9dd20{/,null,AVAILABLE}
07:56:57.330 [main] INFO  o.e.j.w.StandardDescriptorProcessor - NO JSP Support for /webadmin, did not find org.apache.jasper.servlet.JspServlet
07:56:57.342 [main] INFO  o.e.j.server.handler.ContextHandler - Started o.e.j.w.WebAppContext@2622e2c1{/webadmin,jar:file:/Users/colinmoore-hill/SpanarchianSolutions/InfoPulseHeroku/NeoDb/system/lib/neo4j-server-2.0.0-static-web.jar!/webadmin-html,AVAILABLE}
07:56:57.758 [main] INFO  o.e.j.server.handler.ContextHandler - Started o.e.j.s.ServletContextHandler@7e7ef84a{/db/manage,null,AVAILABLE}
07:56:57.975 [main] INFO  o.e.j.server.handler.ContextHandler - Started o.e.j.s.ServletContextHandler@5fa99b81{/db/data,null,AVAILABLE}
07:56:57.993 [main] INFO  o.e.j.w.StandardDescriptorProcessor - NO JSP Support for /browser, did not find org.apache.jasper.servlet.JspServlet
07:56:57.994 [main] INFO  o.e.j.server.handler.ContextHandler - Started o.e.j.w.WebAppContext@cf27132{/browser,jar:file:/Users/colinmoore-hill/SpanarchianSolutions/InfoPulseHeroku/NeoDb/system/lib/neo4j-browser-2.0.0.jar!/browser,AVAILABLE}
07:56:58.070 [main] INFO  o.e.j.server.handler.ContextHandler - Started o.e.j.s.ServletContextHandler@7e3a325b{/,null,AVAILABLE}
07:56:58.087 [main] INFO  o.e.jetty.server.ServerConnector - Started ServerConnector@4fcd3261{HTTP/1.1}{localhost:7474}
07:56:58.450 [main] INFO  o.e.jetty.server.ServerConnector - Started ServerConnector@456d8f9f{SSL-HTTP/1.1}{localhost:7473}
2014-02-01 07:56:58.452+0000 INFO  [API] Remote interface ready and available at [http://localhost:7474/]
