Feb 01, 2014 7:56:55 AM org.neo4j.server.logging.Logger log
INFO: Setting startup timeout to: 120000ms based on -1
Feb 01, 2014 7:56:56 AM org.neo4j.server.logging.Logger log
INFO: Successfully started database
Feb 01, 2014 7:56:56 AM org.neo4j.server.logging.Logger log
INFO: Starting HTTP on port :7474 with 80 threads available
Feb 01, 2014 7:56:56 AM org.neo4j.server.logging.Logger log
INFO: Enabling HTTPS on port :7473
Feb 01, 2014 7:56:57 AM org.neo4j.server.logging.Logger log
INFO: Mounted discovery module at [/]
Feb 01, 2014 7:56:57 AM org.neo4j.server.logging.Logger log
INFO: Mounted REST API at [/db/data/]
Feb 01, 2014 7:56:57 AM org.neo4j.server.logging.Logger log
INFO: Mounted management API at [/db/manage/]
Feb 01, 2014 7:56:57 AM org.neo4j.server.logging.Logger log
INFO: Mounted webadmin at [/webadmin]
Feb 01, 2014 7:56:57 AM org.neo4j.server.logging.Logger log
INFO: Mounted Neo4j Browser at [/browser]
Feb 01, 2014 7:56:57 AM org.neo4j.server.logging.Logger log
INFO: Mounting static content at [/webadmin] from [webadmin-html]
Feb 01, 2014 7:56:57 AM org.neo4j.server.logging.Logger log
INFO: Mounting static content at [/browser] from [browser]
Feb 01, 2014 7:56:57 AM com.sun.jersey.server.impl.application.WebApplicationImpl _initiate
INFO: Initiating Jersey application, version 'Jersey: 1.9 09/02/2011 11:17 AM'
Feb 01, 2014 7:56:57 AM com.sun.jersey.server.impl.application.WebApplicationImpl _initiate
INFO: Initiating Jersey application, version 'Jersey: 1.9 09/02/2011 11:17 AM'
Feb 01, 2014 7:56:57 AM com.sun.jersey.server.impl.application.WebApplicationImpl _initiate
INFO: Initiating Jersey application, version 'Jersey: 1.9 09/02/2011 11:17 AM'
Feb 01, 2014 7:56:58 AM org.neo4j.server.logging.Logger log
INFO: Remote interface ready and available at [http://localhost:7474/]
